2018-03-14 16:00:41 [::1][-][7cn7f4n693emukiqhcro3t3fcs][error][yii\base\InvalidConfigException] yii\base\InvalidConfigException: Either GD PHP extension with FreeType support or ImageMagick PHP extension with PNG support is required. in /srv/http/ems/vendor/yiisoft/yii2/captcha/Captcha.php:175
Stack trace:
#0 /srv/http/ems/vendor/yiisoft/yii2/captcha/Captcha.php(94): yii\captcha\Captcha::checkRequirements()
#1 /srv/http/ems/vendor/yiisoft/yii2/base/BaseObject.php(109): yii\captcha\Captcha->init()
#2 [internal function]: yii\base\BaseObject->__construct(Array)
#3 /srv/http/ems/vendor/yiisoft/yii2/di/Container.php(383): ReflectionClass->newInstanceArgs(Array)
#4 /srv/http/ems/vendor/yiisoft/yii2/di/Container.php(156): yii\di\Container->build('yii\\captcha\\Cap...', Array, Array)
#5 /srv/http/ems/vendor/yiisoft/yii2/BaseYii.php(349): yii\di\Container->get('yii\\captcha\\Cap...', Array, Array)
#6 /srv/http/ems/vendor/yiisoft/yii2/base/Widget.php(137): yii\BaseYii::createObject(Array)
#7 /srv/http/ems/vendor/yiisoft/yii2/widgets/ActiveField.php(781): yii\base\Widget::widget(Array)
#8 /srv/http/ems/frontend/views/site/contact.php(34): yii\widgets\ActiveField->widget('yii\\captcha\\Cap...', Array)
#9 /srv/http/ems/vendor/yiisoft/yii2/base/View.php(336): require('/srv/http/ems/f...')
#10 /srv/http/ems/vendor/yiisoft/yii2/base/View.php(254): yii\base\View->renderPhpFile('/srv/http/ems/f...', Array)
#11 /srv/http/ems/vendor/yiisoft/yii2/base/View.php(156): yii\base\View->renderFile('/srv/http/ems/f...', Array, Object(frontend\controllers\SiteController))
#12 /srv/http/ems/vendor/yiisoft/yii2/base/Controller.php(384): yii\base\View->render('contact', Array, Object(frontend\controllers\SiteController))
#13 /srv/http/ems/frontend/controllers/SiteController.php(131): yii\base\Controller->render('contact', Array)
#14 [internal function]: frontend\controllers\SiteController->actionContact()
#15 /srv/http/ems/vendor/yiisoft/yii2/base/InlineAction.php(57): call_user_func_array(Array, Array)
#16 /srv/http/ems/vendor/yiisoft/yii2/base/Controller.php(157): yii\base\InlineAction->runWithParams(Array)
#17 /srv/http/ems/vendor/yiisoft/yii2/base/Module.php(528): yii\base\Controller->runAction('contact', Array)
#18 /srv/http/ems/vendor/yiisoft/yii2/web/Application.php(103): yii\base\Module->runAction('site/contact', Array)
#19 /srv/http/ems/vendor/yiisoft/yii2/base/Application.php(386): yii\web\Application->handleRequest(Object(yii\web\Request))
#20 /srv/http/ems/frontend/web/index.php(17): yii\base\Application->run()
#21 {main}
2018-03-14 16:00:40 [::1][-][7cn7f4n693emukiqhcro3t3fcs][info][application] $_GET = [
    'r' => 'site/contact'
]

$_POST = []

$_FILES = []

$_COOKIE = [
    '_xsrf' => '2|efc1e189|120dfefe12b7fb1788a2b396a482a4a9|1520849120'
    'username-localhost-8888' => '\"2|1:0|10:1520850716|23:username-localhost-8888|44:YzFiNWFmZTg5Yjg1NDRmOTgyMzRlMWMyNWNiOGE5NzE=|10f0f45d794ec390df75454f889cca11763edff23032712b730969016d89ffd2\"'
    'advanced-frontend' => '7cn7f4n693emukiqhcro3t3fcs'
    '_csrf-frontend' => '8de36006ca469bc641e85e4a63c1c78e9a600c47cba238028368fc4d298c4640a:2:{i:0;s:14:\"_csrf-frontend\";i:1;s:32:\"1dqsxjliRNdlATrq9jhr1wTjYMXVJt-O\";}'
]

$_SESSION = [
    '__flash' => []
]

$_SERVER = [
    'HTTP_HOST' => 'localhost'
    'HTTP_CONNECTION' => 'keep-alive'
    'HTTP_UPGRADE_INSECURE_REQUESTS' => '1'
    'HTTP_USER_AGENT' => 'Mozilla/5.0 (X11; Linux x86_64) AppleWebKit/537.36 (KHTML, like Gecko) Chrome/64.0.3282.186 Safari/537.36'
    'HTTP_ACCEPT' => 'text/html,application/xhtml+xml,application/xml;q=0.9,image/webp,image/apng,*/*;q=0.8'
    'HTTP_REFERER' => 'http://localhost/ems/frontend/web/index.php'
    'HTTP_ACCEPT_ENCODING' => 'gzip, deflate, br'
    'HTTP_ACCEPT_LANGUAGE' => 'en-IN,en-GB;q=0.9,en-US;q=0.8,en;q=0.7'
    'HTTP_COOKIE' => '_xsrf=2|efc1e189|120dfefe12b7fb1788a2b396a482a4a9|1520849120; username-localhost-8888=\"2|1:0|10:1520850716|23:username-localhost-8888|44:YzFiNWFmZTg5Yjg1NDRmOTgyMzRlMWMyNWNiOGE5NzE=|10f0f45d794ec390df75454f889cca11763edff23032712b730969016d89ffd2\"; advanced-frontend=7cn7f4n693emukiqhcro3t3fcs; _csrf-frontend=8de36006ca469bc641e85e4a63c1c78e9a600c47cba238028368fc4d298c4640a%3A2%3A%7Bi%3A0%3Bs%3A14%3A%22_csrf-frontend%22%3Bi%3A1%3Bs%3A32%3A%221dqsxjliRNdlATrq9jhr1wTjYMXVJt-O%22%3B%7D'
    'PATH' => '/usr/local/sbin:/usr/local/bin:/usr/bin'
    'SERVER_SIGNATURE' => ''
    'SERVER_SOFTWARE' => 'Apache/2.4.29 (Unix) PHP/7.2.2'
    'SERVER_NAME' => 'localhost'
    'SERVER_ADDR' => '::1'
    'SERVER_PORT' => '80'
    'REMOTE_ADDR' => '::1'
    'DOCUMENT_ROOT' => '/srv/http'
    'REQUEST_SCHEME' => 'http'
    'CONTEXT_PREFIX' => ''
    'CONTEXT_DOCUMENT_ROOT' => '/srv/http'
    'SERVER_ADMIN' => 'you@example.com'
    'SCRIPT_FILENAME' => '/srv/http/ems/frontend/web/index.php'
    'REMOTE_PORT' => '48366'
    'GATEWAY_INTERFACE' => 'CGI/1.1'
    'SERVER_PROTOCOL' => 'HTTP/1.1'
    'REQUEST_METHOD' => 'GET'
    'QUERY_STRING' => 'r=site%2Fcontact'
    'REQUEST_URI' => '/ems/frontend/web/index.php?r=site%2Fcontact'
    'SCRIPT_NAME' => '/ems/frontend/web/index.php'
    'PHP_SELF' => '/ems/frontend/web/index.php'
    'REQUEST_TIME_FLOAT' => 1521043240.805
    'REQUEST_TIME' => 1521043240
]
2018-03-14 16:01:19 [::1][-][7cn7f4n693emukiqhcro3t3fcs][error][yii\base\InvalidConfigException] yii\base\InvalidConfigException: Either GD PHP extension with FreeType support or ImageMagick PHP extension with PNG support is required. in /srv/http/ems/vendor/yiisoft/yii2/captcha/Captcha.php:175
Stack trace:
#0 /srv/http/ems/vendor/yiisoft/yii2/captcha/Captcha.php(94): yii\captcha\Captcha::checkRequirements()
#1 /srv/http/ems/vendor/yiisoft/yii2/base/BaseObject.php(109): yii\captcha\Captcha->init()
#2 [internal function]: yii\base\BaseObject->__construct(Array)
#3 /srv/http/ems/vendor/yiisoft/yii2/di/Container.php(383): ReflectionClass->newInstanceArgs(Array)
#4 /srv/http/ems/vendor/yiisoft/yii2/di/Container.php(156): yii\di\Container->build('yii\\captcha\\Cap...', Array, Array)
#5 /srv/http/ems/vendor/yiisoft/yii2/BaseYii.php(349): yii\di\Container->get('yii\\captcha\\Cap...', Array, Array)
#6 /srv/http/ems/vendor/yiisoft/yii2/base/Widget.php(137): yii\BaseYii::createObject(Array)
#7 /srv/http/ems/vendor/yiisoft/yii2/widgets/ActiveField.php(781): yii\base\Widget::widget(Array)
#8 /srv/http/ems/frontend/views/site/contact.php(34): yii\widgets\ActiveField->widget('yii\\captcha\\Cap...', Array)
#9 /srv/http/ems/vendor/yiisoft/yii2/base/View.php(336): require('/srv/http/ems/f...')
#10 /srv/http/ems/vendor/yiisoft/yii2/base/View.php(254): yii\base\View->renderPhpFile('/srv/http/ems/f...', Array)
#11 /srv/http/ems/vendor/yiisoft/yii2/base/View.php(156): yii\base\View->renderFile('/srv/http/ems/f...', Array, Object(frontend\controllers\SiteController))
#12 /srv/http/ems/vendor/yiisoft/yii2/base/Controller.php(384): yii\base\View->render('contact', Array, Object(frontend\controllers\SiteController))
#13 /srv/http/ems/frontend/controllers/SiteController.php(131): yii\base\Controller->render('contact', Array)
#14 [internal function]: frontend\controllers\SiteController->actionContact()
#15 /srv/http/ems/vendor/yiisoft/yii2/base/InlineAction.php(57): call_user_func_array(Array, Array)
#16 /srv/http/ems/vendor/yiisoft/yii2/base/Controller.php(157): yii\base\InlineAction->runWithParams(Array)
#17 /srv/http/ems/vendor/yiisoft/yii2/base/Module.php(528): yii\base\Controller->runAction('contact', Array)
#18 /srv/http/ems/vendor/yiisoft/yii2/web/Application.php(103): yii\base\Module->runAction('site/contact', Array)
#19 /srv/http/ems/vendor/yiisoft/yii2/base/Application.php(386): yii\web\Application->handleRequest(Object(yii\web\Request))
#20 /srv/http/ems/frontend/web/index.php(17): yii\base\Application->run()
#21 {main}
2018-03-14 16:01:19 [::1][-][7cn7f4n693emukiqhcro3t3fcs][info][application] $_GET = [
    'r' => 'site/contact'
]

$_POST = []

$_FILES = []

$_COOKIE = [
    '_xsrf' => '2|efc1e189|120dfefe12b7fb1788a2b396a482a4a9|1520849120'
    'username-localhost-8888' => '\"2|1:0|10:1520850716|23:username-localhost-8888|44:YzFiNWFmZTg5Yjg1NDRmOTgyMzRlMWMyNWNiOGE5NzE=|10f0f45d794ec390df75454f889cca11763edff23032712b730969016d89ffd2\"'
    'advanced-frontend' => '7cn7f4n693emukiqhcro3t3fcs'
    '_csrf-frontend' => '8de36006ca469bc641e85e4a63c1c78e9a600c47cba238028368fc4d298c4640a:2:{i:0;s:14:\"_csrf-frontend\";i:1;s:32:\"1dqsxjliRNdlATrq9jhr1wTjYMXVJt-O\";}'
]

$_SESSION = [
    '__flash' => []
]

$_SERVER = [
    'HTTP_HOST' => 'localhost'
    'HTTP_CONNECTION' => 'keep-alive'
    'HTTP_UPGRADE_INSECURE_REQUESTS' => '1'
    'HTTP_USER_AGENT' => 'Mozilla/5.0 (X11; Linux x86_64) AppleWebKit/537.36 (KHTML, like Gecko) Chrome/64.0.3282.186 Safari/537.36'
    'HTTP_ACCEPT' => 'text/html,application/xhtml+xml,application/xml;q=0.9,image/webp,image/apng,*/*;q=0.8'
    'HTTP_REFERER' => 'http://localhost/ems/frontend/web/index.php?r=site%2Flogin'
    'HTTP_ACCEPT_ENCODING' => 'gzip, deflate, br'
    'HTTP_ACCEPT_LANGUAGE' => 'en-IN,en-GB;q=0.9,en-US;q=0.8,en;q=0.7'
    'HTTP_COOKIE' => '_xsrf=2|efc1e189|120dfefe12b7fb1788a2b396a482a4a9|1520849120; username-localhost-8888=\"2|1:0|10:1520850716|23:username-localhost-8888|44:YzFiNWFmZTg5Yjg1NDRmOTgyMzRlMWMyNWNiOGE5NzE=|10f0f45d794ec390df75454f889cca11763edff23032712b730969016d89ffd2\"; advanced-frontend=7cn7f4n693emukiqhcro3t3fcs; _csrf-frontend=8de36006ca469bc641e85e4a63c1c78e9a600c47cba238028368fc4d298c4640a%3A2%3A%7Bi%3A0%3Bs%3A14%3A%22_csrf-frontend%22%3Bi%3A1%3Bs%3A32%3A%221dqsxjliRNdlATrq9jhr1wTjYMXVJt-O%22%3B%7D'
    'PATH' => '/usr/local/sbin:/usr/local/bin:/usr/bin'
    'SERVER_SIGNATURE' => ''
    'SERVER_SOFTWARE' => 'Apache/2.4.29 (Unix) PHP/7.2.2'
    'SERVER_NAME' => 'localhost'
    'SERVER_ADDR' => '::1'
    'SERVER_PORT' => '80'
    'REMOTE_ADDR' => '::1'
    'DOCUMENT_ROOT' => '/srv/http'
    'REQUEST_SCHEME' => 'http'
    'CONTEXT_PREFIX' => ''
    'CONTEXT_DOCUMENT_ROOT' => '/srv/http'
    'SERVER_ADMIN' => 'you@example.com'
    'SCRIPT_FILENAME' => '/srv/http/ems/frontend/web/index.php'
    'REMOTE_PORT' => '48372'
    'GATEWAY_INTERFACE' => 'CGI/1.1'
    'SERVER_PROTOCOL' => 'HTTP/1.1'
    'REQUEST_METHOD' => 'GET'
    'QUERY_STRING' => 'r=site%2Fcontact'
    'REQUEST_URI' => '/ems/frontend/web/index.php?r=site%2Fcontact'
    'SCRIPT_NAME' => '/ems/frontend/web/index.php'
    'PHP_SELF' => '/ems/frontend/web/index.php'
    'REQUEST_TIME_FLOAT' => 1521043279.241
    'REQUEST_TIME' => 1521043279
]
2018-03-14 16:02:53 [::1][-][7cn7f4n693emukiqhcro3t3fcs][error][yii\base\ErrorException:32] yii\base\ErrorException: PHP Startup: Unable to load dynamic library 'zip.so' (tried: /usr/lib/php/modules/zip.so (/usr/lib/php/modules/zip.so: undefined symbol: spprintf), /usr/lib/php/modules/zip.so.so (/usr/lib/php/modules/zip.so.so: cannot open shared object file: No such file or directory)) in Unknown:0
Stack trace:
#0 [internal function]: yii\base\ErrorHandler->handleFatalError()
#1 {main}
2018-03-14 16:02:53 [::1][-][7cn7f4n693emukiqhcro3t3fcs][info][application] $_GET = [
    'r' => 'site/captcha'
    'v' => '5aa947acefe3c'
]

$_POST = []

$_FILES = []

$_COOKIE = [
    '_xsrf' => '2|efc1e189|120dfefe12b7fb1788a2b396a482a4a9|1520849120'
    'username-localhost-8888' => '\"2|1:0|10:1520850716|23:username-localhost-8888|44:YzFiNWFmZTg5Yjg1NDRmOTgyMzRlMWMyNWNiOGE5NzE=|10f0f45d794ec390df75454f889cca11763edff23032712b730969016d89ffd2\"'
    'advanced-frontend' => '7cn7f4n693emukiqhcro3t3fcs'
    '_csrf-frontend' => '8de36006ca469bc641e85e4a63c1c78e9a600c47cba238028368fc4d298c4640a:2:{i:0;s:14:\"_csrf-frontend\";i:1;s:32:\"1dqsxjliRNdlATrq9jhr1wTjYMXVJt-O\";}'
]

$_SESSION = [
    '__flash' => []
    '__captcha/site/captcha' => 'rafaeo'
    '__captcha/site/captchacount' => 1
]

$_SERVER = [
    'HTTP_HOST' => 'localhost'
    'HTTP_CONNECTION' => 'keep-alive'
    'HTTP_USER_AGENT' => 'Mozilla/5.0 (X11; Linux x86_64) AppleWebKit/537.36 (KHTML, like Gecko) Chrome/64.0.3282.186 Safari/537.36'
    'HTTP_ACCEPT' => 'image/webp,image/apng,image/*,*/*;q=0.8'
    'HTTP_REFERER' => 'http://localhost/ems/frontend/web/index.php?r=site%2Fcontact'
    'HTTP_ACCEPT_ENCODING' => 'gzip, deflate, br'
    'HTTP_ACCEPT_LANGUAGE' => 'en-IN,en-GB;q=0.9,en-US;q=0.8,en;q=0.7'
    'HTTP_COOKIE' => '_xsrf=2|efc1e189|120dfefe12b7fb1788a2b396a482a4a9|1520849120; username-localhost-8888=\"2|1:0|10:1520850716|23:username-localhost-8888|44:YzFiNWFmZTg5Yjg1NDRmOTgyMzRlMWMyNWNiOGE5NzE=|10f0f45d794ec390df75454f889cca11763edff23032712b730969016d89ffd2\"; advanced-frontend=7cn7f4n693emukiqhcro3t3fcs; _csrf-frontend=8de36006ca469bc641e85e4a63c1c78e9a600c47cba238028368fc4d298c4640a%3A2%3A%7Bi%3A0%3Bs%3A14%3A%22_csrf-frontend%22%3Bi%3A1%3Bs%3A32%3A%221dqsxjliRNdlATrq9jhr1wTjYMXVJt-O%22%3B%7D'
    'PATH' => '/usr/local/sbin:/usr/local/bin:/usr/bin'
    'SERVER_SIGNATURE' => ''
    'SERVER_SOFTWARE' => 'Apache/2.4.29 (Unix) PHP/7.2.2'
    'SERVER_NAME' => 'localhost'
    'SERVER_ADDR' => '::1'
    'SERVER_PORT' => '80'
    'REMOTE_ADDR' => '::1'
    'DOCUMENT_ROOT' => '/srv/http'
    'REQUEST_SCHEME' => 'http'
    'CONTEXT_PREFIX' => ''
    'CONTEXT_DOCUMENT_ROOT' => '/srv/http'
    'SERVER_ADMIN' => 'you@example.com'
    'SCRIPT_FILENAME' => '/srv/http/ems/frontend/web/index.php'
    'REMOTE_PORT' => '48432'
    'GATEWAY_INTERFACE' => 'CGI/1.1'
    'SERVER_PROTOCOL' => 'HTTP/1.1'
    'REQUEST_METHOD' => 'GET'
    'QUERY_STRING' => 'r=site%2Fcaptcha&v=5aa947acefe3c'
    'REQUEST_URI' => '/ems/frontend/web/index.php?r=site%2Fcaptcha&v=5aa947acefe3c'
    'SCRIPT_NAME' => '/ems/frontend/web/index.php'
    'PHP_SELF' => '/ems/frontend/web/index.php'
    'REQUEST_TIME_FLOAT' => 1521043372.997
    'REQUEST_TIME' => 1521043372
]
2018-03-19 05:21:38 [::1][-][bca251pif459pa1c98pmgkj6ou][error][yii\web\HttpException:404] yii\base\InvalidRouteException: Unable to resolve the request "admin'". in /srv/http/ems/vendor/yiisoft/yii2/base/Module.php:537
Stack trace:
#0 /srv/http/ems/vendor/yiisoft/yii2/web/Application.php(103): yii\base\Module->runAction('admin'', Array)
#1 /srv/http/ems/vendor/yiisoft/yii2/base/Application.php(386): yii\web\Application->handleRequest(Object(yii\web\Request))
#2 /srv/http/ems/index.php(17): yii\base\Application->run()
#3 {main}

Next yii\web\NotFoundHttpException: Page not found. in /srv/http/ems/vendor/yiisoft/yii2/web/Application.php:115
Stack trace:
#0 /srv/http/ems/vendor/yiisoft/yii2/base/Application.php(386): yii\web\Application->handleRequest(Object(yii\web\Request))
#1 /srv/http/ems/index.php(17): yii\base\Application->run()
#2 {main}
2018-03-19 05:21:38 [::1][-][bca251pif459pa1c98pmgkj6ou][info][application] $_GET = []

$_POST = []

$_FILES = []

$_COOKIE = [
    '_xsrf' => '2|efc1e189|120dfefe12b7fb1788a2b396a482a4a9|1520849120'
    'username-localhost-8888' => '\"2|1:0|10:1520850716|23:username-localhost-8888|44:YzFiNWFmZTg5Yjg1NDRmOTgyMzRlMWMyNWNiOGE5NzE=|10f0f45d794ec390df75454f889cca11763edff23032712b730969016d89ffd2\"'
    'advanced-frontend' => 'bca251pif459pa1c98pmgkj6ou'
    '_csrf-frontend' => 'b7d3e6b52dc6af72511c9f0d7f26752e831ad734820d75df3668f538d5a38be5a:2:{i:0;s:14:\"_csrf-frontend\";i:1;s:32:\"yGF8vN8EEVvJPssChLtRRi93qpFN5rkM\";}'
    'advanced-backend' => 'oje07mkovu14grvrhuvek2etn3'
    '_csrf-backend' => 'be272585f75fa019fa3b975b7c52dcfc33a0a3903f3f2d1041ab9baa771c3178a:2:{i:0;s:13:\"_csrf-backend\";i:1;s:32:\"ezlnjNnj1MUUockZMHCs7q29Lf27StSx\";}'
]

$_SESSION = [
    '__flash' => []
]

$_SERVER = [
    'REDIRECT_STATUS' => '200'
    'HTTP_HOST' => 'localhost'
    'HTTP_CONNECTION' => 'keep-alive'
    'HTTP_UPGRADE_INSECURE_REQUESTS' => '1'
    'HTTP_USER_AGENT' => 'Mozilla/5.0 (X11; Linux x86_64) AppleWebKit/537.36 (KHTML, like Gecko) Chrome/64.0.3282.186 Safari/537.36'
    'HTTP_ACCEPT' => 'text/html,application/xhtml+xml,application/xml;q=0.9,image/webp,image/apng,*/*;q=0.8'
    'HTTP_ACCEPT_ENCODING' => 'gzip, deflate, br'
    'HTTP_ACCEPT_LANGUAGE' => 'en-IN,en-GB;q=0.9,en-US;q=0.8,en;q=0.7'
    'HTTP_COOKIE' => '_xsrf=2|efc1e189|120dfefe12b7fb1788a2b396a482a4a9|1520849120; username-localhost-8888=\"2|1:0|10:1520850716|23:username-localhost-8888|44:YzFiNWFmZTg5Yjg1NDRmOTgyMzRlMWMyNWNiOGE5NzE=|10f0f45d794ec390df75454f889cca11763edff23032712b730969016d89ffd2\"; advanced-frontend=bca251pif459pa1c98pmgkj6ou; _csrf-frontend=b7d3e6b52dc6af72511c9f0d7f26752e831ad734820d75df3668f538d5a38be5a%3A2%3A%7Bi%3A0%3Bs%3A14%3A%22_csrf-frontend%22%3Bi%3A1%3Bs%3A32%3A%22yGF8vN8EEVvJPssChLtRRi93qpFN5rkM%22%3B%7D; advanced-backend=oje07mkovu14grvrhuvek2etn3; _csrf-backend=be272585f75fa019fa3b975b7c52dcfc33a0a3903f3f2d1041ab9baa771c3178a%3A2%3A%7Bi%3A0%3Bs%3A13%3A%22_csrf-backend%22%3Bi%3A1%3Bs%3A32%3A%22ezlnjNnj1MUUockZMHCs7q29Lf27StSx%22%3B%7D'
    'PATH' => '/usr/local/sbin:/usr/local/bin:/usr/bin'
    'SERVER_SIGNATURE' => ''
    'SERVER_SOFTWARE' => 'Apache/2.4.29 (Unix) PHP/7.2.2'
    'SERVER_NAME' => 'localhost'
    'SERVER_ADDR' => '::1'
    'SERVER_PORT' => '80'
    'REMOTE_ADDR' => '::1'
    'DOCUMENT_ROOT' => '/srv/http'
    'REQUEST_SCHEME' => 'http'
    'CONTEXT_PREFIX' => ''
    'CONTEXT_DOCUMENT_ROOT' => '/srv/http'
    'SERVER_ADMIN' => 'you@example.com'
    'SCRIPT_FILENAME' => '/srv/http/ems/index.php'
    'REMOTE_PORT' => '54792'
    'REDIRECT_URL' => '/ems/admin\''
    'GATEWAY_INTERFACE' => 'CGI/1.1'
    'SERVER_PROTOCOL' => 'HTTP/1.1'
    'REQUEST_METHOD' => 'GET'
    'QUERY_STRING' => ''
    'REQUEST_URI' => '/ems/admin\''
    'SCRIPT_NAME' => '/ems/index.php'
    'PHP_SELF' => '/ems/index.php'
    'REQUEST_TIME_FLOAT' => 1521436898.172
    'REQUEST_TIME' => 1521436898
]
2018-03-22 16:25:53 [::1][-][0tebaciu8d9o1idkjk670mfk0h][error][yii\db\Exception] PDOException: could not find driver in /srv/http/ems2/vendor/yiisoft/yii2/db/Connection.php:686
Stack trace:
#0 /srv/http/ems2/vendor/yiisoft/yii2/db/Connection.php(686): PDO->__construct('mysql:host=loca...', 'root', '12345', NULL)
#1 /srv/http/ems2/vendor/yiisoft/yii2/db/Connection.php(612): yii\db\Connection->createPdoInstance()
#2 /srv/http/ems2/vendor/yiisoft/yii2/db/Connection.php(995): yii\db\Connection->open()
#3 /srv/http/ems2/vendor/yiisoft/yii2/db/Connection.php(982): yii\db\Connection->getMasterPdo()
#4 /srv/http/ems2/vendor/yiisoft/yii2/db/Command.php(253): yii\db\Connection->getSlavePdo()
#5 /srv/http/ems2/vendor/yiisoft/yii2/db/Command.php(1140): yii\db\Command->prepare(true)
#6 /srv/http/ems2/vendor/yiisoft/yii2/db/Command.php(439): yii\db\Command->queryInternal('fetchAll', 7)
#7 /srv/http/ems2/vendor/yiisoft/yii2/db/mysql/Schema.php(111): yii\db\Command->queryColumn()
#8 /srv/http/ems2/vendor/yiisoft/yii2/db/Schema.php(237): yii\db\mysql\Schema->findTableNames('')
#9 /srv/http/ems2/vendor/yiisoft/yii2-gii/generators/model/Generator.php(161): yii\db\Schema->getTableNames()
#10 [internal function]: yii\gii\generators\model\Generator->yii\gii\generators\model\{closure}()
#11 /srv/http/ems2/vendor/yiisoft/yii2-gii/components/ActiveField.php(41): call_user_func(Object(Closure))
#12 /srv/http/ems2/vendor/yiisoft/yii2/base/BaseObject.php(109): yii\gii\components\ActiveField->init()
#13 [internal function]: yii\base\BaseObject->__construct(Array)
#14 /srv/http/ems2/vendor/yiisoft/yii2/di/Container.php(383): ReflectionClass->newInstanceArgs(Array)
#15 /srv/http/ems2/vendor/yiisoft/yii2/di/Container.php(156): yii\di\Container->build('yii\\gii\\compone...', Array, Array)
#16 /srv/http/ems2/vendor/yiisoft/yii2/BaseYii.php(349): yii\di\Container->get('yii\\gii\\compone...', Array, Array)
#17 /srv/http/ems2/vendor/yiisoft/yii2/widgets/ActiveForm.php(333): yii\BaseYii::createObject(Array)
#18 /srv/http/ems2/vendor/yiisoft/yii2-gii/generators/model/form.php(9): yii\widgets\ActiveForm->field(Object(yii\gii\generators\model\Generator), 'tableName')
#19 /srv/http/ems2/vendor/yiisoft/yii2/base/View.php(336): require('/srv/http/ems2/...')
#20 /srv/http/ems2/vendor/yiisoft/yii2/base/View.php(254): yii\base\View->renderPhpFile('/srv/http/ems2/...', '[<span class="s...')
#21 /srv/http/ems2/vendor/yiisoft/yii2-gii/views/default/view.php(37): yii\base\View->renderFile('/srv/http/ems2/...', Array)
#22 /srv/http/ems2/vendor/yiisoft/yii2/base/View.php(336): require('/srv/http/ems2/...')
#23 /srv/http/ems2/vendor/yiisoft/yii2/base/View.php(254): yii\base\View->renderPhpFile('/srv/http/ems2/...', '[<span class="s...')
#24 /srv/http/ems2/vendor/yiisoft/yii2/base/View.php(156): yii\base\View->renderFile('/srv/http/ems2/...', Array, Object(yii\gii\controllers\DefaultController))
#25 /srv/http/ems2/vendor/yiisoft/yii2/base/Controller.php(384): yii\base\View->render('view', Array, Object(yii\gii\controllers\DefaultController))
#26 /srv/http/ems2/vendor/yiisoft/yii2-gii/controllers/DefaultController.php(72): yii\base\Controller->render('view', Array)
#27 [internal function]: yii\gii\controllers\DefaultController->actionView('model')
#28 /srv/http/ems2/vendor/yiisoft/yii2/base/InlineAction.php(57): call_user_func_array(Array, Array)
#29 /srv/http/ems2/vendor/yiisoft/yii2/base/Controller.php(157): yii\base\InlineAction->runWithParams(Array)
#30 /srv/http/ems2/vendor/yiisoft/yii2/base/Module.php(528): yii\base\Controller->runAction('view', Array)
#31 /srv/http/ems2/vendor/yiisoft/yii2/web/Application.php(103): yii\base\Module->runAction('gii/default/vie...', Array)
#32 /srv/http/ems2/vendor/yiisoft/yii2/base/Application.php(386): yii\web\Application->handleRequest(Object(yii\web\Request))
#33 /srv/http/ems2/index.php(17): yii\base\Application->run()
#34 {main}

Next yii\db\Exception: could not find driver in /srv/http/ems2/vendor/yiisoft/yii2/db/Connection.php:623
Stack trace:
#0 /srv/http/ems2/vendor/yiisoft/yii2/db/Connection.php(995): yii\db\Connection->open()
#1 /srv/http/ems2/vendor/yiisoft/yii2/db/Connection.php(982): yii\db\Connection->getMasterPdo()
#2 /srv/http/ems2/vendor/yiisoft/yii2/db/Command.php(253): yii\db\Connection->getSlavePdo()
#3 /srv/http/ems2/vendor/yiisoft/yii2/db/Command.php(1140): yii\db\Command->prepare(true)
#4 /srv/http/ems2/vendor/yiisoft/yii2/db/Command.php(439): yii\db\Command->queryInternal('fetchAll', 7)
#5 /srv/http/ems2/vendor/yiisoft/yii2/db/mysql/Schema.php(111): yii\db\Command->queryColumn()
#6 /srv/http/ems2/vendor/yiisoft/yii2/db/Schema.php(237): yii\db\mysql\Schema->findTableNames('')
#7 /srv/http/ems2/vendor/yiisoft/yii2-gii/generators/model/Generator.php(161): yii\db\Schema->getTableNames()
#8 [internal function]: yii\gii\generators\model\Generator->yii\gii\generators\model\{closure}()
#9 /srv/http/ems2/vendor/yiisoft/yii2-gii/components/ActiveField.php(41): call_user_func(Object(Closure))
#10 /srv/http/ems2/vendor/yiisoft/yii2/base/BaseObject.php(109): yii\gii\components\ActiveField->init()
#11 [internal function]: yii\base\BaseObject->__construct(Array)
#12 /srv/http/ems2/vendor/yiisoft/yii2/di/Container.php(383): ReflectionClass->newInstanceArgs(Array)
#13 /srv/http/ems2/vendor/yiisoft/yii2/di/Container.php(156): yii\di\Container->build('yii\\gii\\compone...', Array, Array)
#14 /srv/http/ems2/vendor/yiisoft/yii2/BaseYii.php(349): yii\di\Container->get('yii\\gii\\compone...', Array, Array)
#15 /srv/http/ems2/vendor/yiisoft/yii2/widgets/ActiveForm.php(333): yii\BaseYii::createObject(Array)
#16 /srv/http/ems2/vendor/yiisoft/yii2-gii/generators/model/form.php(9): yii\widgets\ActiveForm->field(Object(yii\gii\generators\model\Generator), 'tableName')
#17 /srv/http/ems2/vendor/yiisoft/yii2/base/View.php(336): require('/srv/http/ems2/...')
#18 /srv/http/ems2/vendor/yiisoft/yii2/base/View.php(254): yii\base\View->renderPhpFile('/srv/http/ems2/...', '[<span class="s...')
#19 /srv/http/ems2/vendor/yiisoft/yii2-gii/views/default/view.php(37): yii\base\View->renderFile('/srv/http/ems2/...', Array)
#20 /srv/http/ems2/vendor/yiisoft/yii2/base/View.php(336): require('/srv/http/ems2/...')
#21 /srv/http/ems2/vendor/yiisoft/yii2/base/View.php(254): yii\base\View->renderPhpFile('/srv/http/ems2/...', '[<span class="s...')
#22 /srv/http/ems2/vendor/yiisoft/yii2/base/View.php(156): yii\base\View->renderFile('/srv/http/ems2/...', Array, Object(yii\gii\controllers\DefaultController))
#23 /srv/http/ems2/vendor/yiisoft/yii2/base/Controller.php(384): yii\base\View->render('view', Array, Object(yii\gii\controllers\DefaultController))
#24 /srv/http/ems2/vendor/yiisoft/yii2-gii/controllers/DefaultController.php(72): yii\base\Controller->render('view', Array)
#25 [internal function]: yii\gii\controllers\DefaultController->actionView('model')
#26 /srv/http/ems2/vendor/yiisoft/yii2/base/InlineAction.php(57): call_user_func_array(Array, Array)
#27 /srv/http/ems2/vendor/yiisoft/yii2/base/Controller.php(157): yii\base\InlineAction->runWithParams(Array)
#28 /srv/http/ems2/vendor/yiisoft/yii2/base/Module.php(528): yii\base\Controller->runAction('view', Array)
#29 /srv/http/ems2/vendor/yiisoft/yii2/web/Application.php(103): yii\base\Module->runAction('gii/default/vie...', Array)
#30 /srv/http/ems2/vendor/yiisoft/yii2/base/Application.php(386): yii\web\Application->handleRequest(Object(yii\web\Request))
#31 /srv/http/ems2/index.php(17): yii\base\Application->run()
#32 {main}
Additional Information:

2018-03-22 16:25:53 [::1][-][0tebaciu8d9o1idkjk670mfk0h][info][application] $_GET = [
    'id' => 'model'
]

$_POST = []

$_FILES = []

$_COOKIE = [
    '_xsrf' => '2|efc1e189|120dfefe12b7fb1788a2b396a482a4a9|1520849120'
    'username-localhost-8888' => '\"2|1:0|10:1520850716|23:username-localhost-8888|44:YzFiNWFmZTg5Yjg1NDRmOTgyMzRlMWMyNWNiOGE5NzE=|10f0f45d794ec390df75454f889cca11763edff23032712b730969016d89ffd2\"'
    'advanced-frontend' => '0tebaciu8d9o1idkjk670mfk0h'
    'advanced-backend' => '9ha8tutv9m6hdbo9m2groq8fe6'
    '_csrf-backend' => 'f12d6094a680a8829183ae7531dd2728606bd25775091e7568eddc2ec219123da:2:{i:0;s:13:\"_csrf-backend\";i:1;s:32:\"2oa3uqUgyi5qIlc94AhQXIop2EF8l-OS\";}'
    '_csrf-frontend' => '595aa068c5452237fba1c19139cdb79db612161e88f929de465cc74a553826a9a:2:{i:0;s:14:\"_csrf-frontend\";i:1;s:32:\"EbsKN1jL7ufui2Y39bRug1MxA9ggUeTp\";}'
]

$_SESSION = [
    '__flash' => []
]

$_SERVER = [
    'REDIRECT_STATUS' => '200'
    'HTTP_HOST' => 'localhost'
    'HTTP_CONNECTION' => 'keep-alive'
    'HTTP_UPGRADE_INSECURE_REQUESTS' => '1'
    'HTTP_USER_AGENT' => 'Mozilla/5.0 (X11; Linux x86_64) AppleWebKit/537.36 (KHTML, like Gecko) Chrome/64.0.3282.186 Safari/537.36'
    'HTTP_ACCEPT' => 'text/html,application/xhtml+xml,application/xml;q=0.9,image/webp,image/apng,*/*;q=0.8'
    'HTTP_REFERER' => 'http://localhost/ems2/gii'
    'HTTP_ACCEPT_ENCODING' => 'gzip, deflate, br'
    'HTTP_ACCEPT_LANGUAGE' => 'en-IN,en-GB;q=0.9,en-US;q=0.8,en;q=0.7'
    'HTTP_COOKIE' => '_xsrf=2|efc1e189|120dfefe12b7fb1788a2b396a482a4a9|1520849120; username-localhost-8888=\"2|1:0|10:1520850716|23:username-localhost-8888|44:YzFiNWFmZTg5Yjg1NDRmOTgyMzRlMWMyNWNiOGE5NzE=|10f0f45d794ec390df75454f889cca11763edff23032712b730969016d89ffd2\"; advanced-frontend=0tebaciu8d9o1idkjk670mfk0h; advanced-backend=9ha8tutv9m6hdbo9m2groq8fe6; _csrf-backend=f12d6094a680a8829183ae7531dd2728606bd25775091e7568eddc2ec219123da%3A2%3A%7Bi%3A0%3Bs%3A13%3A%22_csrf-backend%22%3Bi%3A1%3Bs%3A32%3A%222oa3uqUgyi5qIlc94AhQXIop2EF8l-OS%22%3B%7D; _csrf-frontend=595aa068c5452237fba1c19139cdb79db612161e88f929de465cc74a553826a9a%3A2%3A%7Bi%3A0%3Bs%3A14%3A%22_csrf-frontend%22%3Bi%3A1%3Bs%3A32%3A%22EbsKN1jL7ufui2Y39bRug1MxA9ggUeTp%22%3B%7D'
    'PATH' => '/usr/local/sbin:/usr/local/bin:/usr/bin'
    'SERVER_SIGNATURE' => ''
    'SERVER_SOFTWARE' => 'Apache/2.4.29 (Unix) PHP/7.2.2'
    'SERVER_NAME' => 'localhost'
    'SERVER_ADDR' => '::1'
    'SERVER_PORT' => '80'
    'REMOTE_ADDR' => '::1'
    'DOCUMENT_ROOT' => '/srv/http'
    'REQUEST_SCHEME' => 'http'
    'CONTEXT_PREFIX' => ''
    'CONTEXT_DOCUMENT_ROOT' => '/srv/http'
    'SERVER_ADMIN' => 'you@example.com'
    'SCRIPT_FILENAME' => '/srv/http/ems2/index.php'
    'REMOTE_PORT' => '47636'
    'REDIRECT_URL' => '/ems2/gii/model'
    'GATEWAY_INTERFACE' => 'CGI/1.1'
    'SERVER_PROTOCOL' => 'HTTP/1.1'
    'REQUEST_METHOD' => 'GET'
    'QUERY_STRING' => ''
    'REQUEST_URI' => '/ems2/gii/model'
    'SCRIPT_NAME' => '/ems2/index.php'
    'PHP_SELF' => '/ems2/index.php'
    'REQUEST_TIME_FLOAT' => 1521735953.151
    'REQUEST_TIME' => 1521735953
]
2018-03-22 16:26:15 [::1][-][0tebaciu8d9o1idkjk670mfk0h][error][yii\db\Exception] PDOException: could not find driver in /srv/http/ems2/vendor/yiisoft/yii2/db/Connection.php:686
Stack trace:
#0 /srv/http/ems2/vendor/yiisoft/yii2/db/Connection.php(686): PDO->__construct('mysql:host=loca...', 'root', '12345', NULL)
#1 /srv/http/ems2/vendor/yiisoft/yii2/db/Connection.php(612): yii\db\Connection->createPdoInstance()
#2 /srv/http/ems2/vendor/yiisoft/yii2/db/Connection.php(995): yii\db\Connection->open()
#3 /srv/http/ems2/vendor/yiisoft/yii2/db/Connection.php(982): yii\db\Connection->getMasterPdo()
#4 /srv/http/ems2/vendor/yiisoft/yii2/db/Command.php(253): yii\db\Connection->getSlavePdo()
#5 /srv/http/ems2/vendor/yiisoft/yii2/db/Command.php(1140): yii\db\Command->prepare(true)
#6 /srv/http/ems2/vendor/yiisoft/yii2/db/Command.php(439): yii\db\Command->queryInternal('fetchAll', 7)
#7 /srv/http/ems2/vendor/yiisoft/yii2/db/mysql/Schema.php(111): yii\db\Command->queryColumn()
#8 /srv/http/ems2/vendor/yiisoft/yii2/db/Schema.php(237): yii\db\mysql\Schema->findTableNames('')
#9 /srv/http/ems2/vendor/yiisoft/yii2-gii/generators/model/Generator.php(161): yii\db\Schema->getTableNames()
#10 [internal function]: yii\gii\generators\model\Generator->yii\gii\generators\model\{closure}()
#11 /srv/http/ems2/vendor/yiisoft/yii2-gii/components/ActiveField.php(41): call_user_func(Object(Closure))
#12 /srv/http/ems2/vendor/yiisoft/yii2/base/BaseObject.php(109): yii\gii\components\ActiveField->init()
#13 [internal function]: yii\base\BaseObject->__construct(Array)
#14 /srv/http/ems2/vendor/yiisoft/yii2/di/Container.php(383): ReflectionClass->newInstanceArgs(Array)
#15 /srv/http/ems2/vendor/yiisoft/yii2/di/Container.php(156): yii\di\Container->build('yii\\gii\\compone...', Array, Array)
#16 /srv/http/ems2/vendor/yiisoft/yii2/BaseYii.php(349): yii\di\Container->get('yii\\gii\\compone...', Array, Array)
#17 /srv/http/ems2/vendor/yiisoft/yii2/widgets/ActiveForm.php(333): yii\BaseYii::createObject(Array)
#18 /srv/http/ems2/vendor/yiisoft/yii2-gii/generators/model/form.php(9): yii\widgets\ActiveForm->field(Object(yii\gii\generators\model\Generator), 'tableName')
#19 /srv/http/ems2/vendor/yiisoft/yii2/base/View.php(336): require('/srv/http/ems2/...')
#20 /srv/http/ems2/vendor/yiisoft/yii2/base/View.php(254): yii\base\View->renderPhpFile('/srv/http/ems2/...', '[<span class="s...')
#21 /srv/http/ems2/vendor/yiisoft/yii2-gii/views/default/view.php(37): yii\base\View->renderFile('/srv/http/ems2/...', Array)
#22 /srv/http/ems2/vendor/yiisoft/yii2/base/View.php(336): require('/srv/http/ems2/...')
#23 /srv/http/ems2/vendor/yiisoft/yii2/base/View.php(254): yii\base\View->renderPhpFile('/srv/http/ems2/...', '[<span class="s...')
#24 /srv/http/ems2/vendor/yiisoft/yii2/base/View.php(156): yii\base\View->renderFile('/srv/http/ems2/...', Array, Object(yii\gii\controllers\DefaultController))
#25 /srv/http/ems2/vendor/yiisoft/yii2/base/Controller.php(384): yii\base\View->render('view', Array, Object(yii\gii\controllers\DefaultController))
#26 /srv/http/ems2/vendor/yiisoft/yii2-gii/controllers/DefaultController.php(72): yii\base\Controller->render('view', Array)
#27 [internal function]: yii\gii\controllers\DefaultController->actionView('model')
#28 /srv/http/ems2/vendor/yiisoft/yii2/base/InlineAction.php(57): call_user_func_array(Array, Array)
#29 /srv/http/ems2/vendor/yiisoft/yii2/base/Controller.php(157): yii\base\InlineAction->runWithParams(Array)
#30 /srv/http/ems2/vendor/yiisoft/yii2/base/Module.php(528): yii\base\Controller->runAction('view', Array)
#31 /srv/http/ems2/vendor/yiisoft/yii2/web/Application.php(103): yii\base\Module->runAction('gii/default/vie...', Array)
#32 /srv/http/ems2/vendor/yiisoft/yii2/base/Application.php(386): yii\web\Application->handleRequest(Object(yii\web\Request))
#33 /srv/http/ems2/index.php(17): yii\base\Application->run()
#34 {main}

Next yii\db\Exception: could not find driver in /srv/http/ems2/vendor/yiisoft/yii2/db/Connection.php:623
Stack trace:
#0 /srv/http/ems2/vendor/yiisoft/yii2/db/Connection.php(995): yii\db\Connection->open()
#1 /srv/http/ems2/vendor/yiisoft/yii2/db/Connection.php(982): yii\db\Connection->getMasterPdo()
#2 /srv/http/ems2/vendor/yiisoft/yii2/db/Command.php(253): yii\db\Connection->getSlavePdo()
#3 /srv/http/ems2/vendor/yiisoft/yii2/db/Command.php(1140): yii\db\Command->prepare(true)
#4 /srv/http/ems2/vendor/yiisoft/yii2/db/Command.php(439): yii\db\Command->queryInternal('fetchAll', 7)
#5 /srv/http/ems2/vendor/yiisoft/yii2/db/mysql/Schema.php(111): yii\db\Command->queryColumn()
#6 /srv/http/ems2/vendor/yiisoft/yii2/db/Schema.php(237): yii\db\mysql\Schema->findTableNames('')
#7 /srv/http/ems2/vendor/yiisoft/yii2-gii/generators/model/Generator.php(161): yii\db\Schema->getTableNames()
#8 [internal function]: yii\gii\generators\model\Generator->yii\gii\generators\model\{closure}()
#9 /srv/http/ems2/vendor/yiisoft/yii2-gii/components/ActiveField.php(41): call_user_func(Object(Closure))
#10 /srv/http/ems2/vendor/yiisoft/yii2/base/BaseObject.php(109): yii\gii\components\ActiveField->init()
#11 [internal function]: yii\base\BaseObject->__construct(Array)
#12 /srv/http/ems2/vendor/yiisoft/yii2/di/Container.php(383): ReflectionClass->newInstanceArgs(Array)
#13 /srv/http/ems2/vendor/yiisoft/yii2/di/Container.php(156): yii\di\Container->build('yii\\gii\\compone...', Array, Array)
#14 /srv/http/ems2/vendor/yiisoft/yii2/BaseYii.php(349): yii\di\Container->get('yii\\gii\\compone...', Array, Array)
#15 /srv/http/ems2/vendor/yiisoft/yii2/widgets/ActiveForm.php(333): yii\BaseYii::createObject(Array)
#16 /srv/http/ems2/vendor/yiisoft/yii2-gii/generators/model/form.php(9): yii\widgets\ActiveForm->field(Object(yii\gii\generators\model\Generator), 'tableName')
#17 /srv/http/ems2/vendor/yiisoft/yii2/base/View.php(336): require('/srv/http/ems2/...')
#18 /srv/http/ems2/vendor/yiisoft/yii2/base/View.php(254): yii\base\View->renderPhpFile('/srv/http/ems2/...', '[<span class="s...')
#19 /srv/http/ems2/vendor/yiisoft/yii2-gii/views/default/view.php(37): yii\base\View->renderFile('/srv/http/ems2/...', Array)
#20 /srv/http/ems2/vendor/yiisoft/yii2/base/View.php(336): require('/srv/http/ems2/...')
#21 /srv/http/ems2/vendor/yiisoft/yii2/base/View.php(254): yii\base\View->renderPhpFile('/srv/http/ems2/...', '[<span class="s...')
#22 /srv/http/ems2/vendor/yiisoft/yii2/base/View.php(156): yii\base\View->renderFile('/srv/http/ems2/...', Array, Object(yii\gii\controllers\DefaultController))
#23 /srv/http/ems2/vendor/yiisoft/yii2/base/Controller.php(384): yii\base\View->render('view', Array, Object(yii\gii\controllers\DefaultController))
#24 /srv/http/ems2/vendor/yiisoft/yii2-gii/controllers/DefaultController.php(72): yii\base\Controller->render('view', Array)
#25 [internal function]: yii\gii\controllers\DefaultController->actionView('model')
#26 /srv/http/ems2/vendor/yiisoft/yii2/base/InlineAction.php(57): call_user_func_array(Array, Array)
#27 /srv/http/ems2/vendor/yiisoft/yii2/base/Controller.php(157): yii\base\InlineAction->runWithParams(Array)
#28 /srv/http/ems2/vendor/yiisoft/yii2/base/Module.php(528): yii\base\Controller->runAction('view', Array)
#29 /srv/http/ems2/vendor/yiisoft/yii2/web/Application.php(103): yii\base\Module->runAction('gii/default/vie...', Array)
#30 /srv/http/ems2/vendor/yiisoft/yii2/base/Application.php(386): yii\web\Application->handleRequest(Object(yii\web\Request))
#31 /srv/http/ems2/index.php(17): yii\base\Application->run()
#32 {main}
Additional Information:

2018-03-22 16:26:14 [::1][-][0tebaciu8d9o1idkjk670mfk0h][info][application] $_GET = [
    'id' => 'model'
]

$_POST = []

$_FILES = []

$_COOKIE = [
    '_xsrf' => '2|efc1e189|120dfefe12b7fb1788a2b396a482a4a9|1520849120'
    'username-localhost-8888' => '\"2|1:0|10:1520850716|23:username-localhost-8888|44:YzFiNWFmZTg5Yjg1NDRmOTgyMzRlMWMyNWNiOGE5NzE=|10f0f45d794ec390df75454f889cca11763edff23032712b730969016d89ffd2\"'
    'advanced-frontend' => '0tebaciu8d9o1idkjk670mfk0h'
    'advanced-backend' => '9ha8tutv9m6hdbo9m2groq8fe6'
    '_csrf-backend' => 'f12d6094a680a8829183ae7531dd2728606bd25775091e7568eddc2ec219123da:2:{i:0;s:13:\"_csrf-backend\";i:1;s:32:\"2oa3uqUgyi5qIlc94AhQXIop2EF8l-OS\";}'
    '_csrf-frontend' => '595aa068c5452237fba1c19139cdb79db612161e88f929de465cc74a553826a9a:2:{i:0;s:14:\"_csrf-frontend\";i:1;s:32:\"EbsKN1jL7ufui2Y39bRug1MxA9ggUeTp\";}'
]

$_SESSION = [
    '__flash' => []
]

$_SERVER = [
    'REDIRECT_STATUS' => '200'
    'HTTP_HOST' => 'localhost'
    'HTTP_CONNECTION' => 'keep-alive'
    'HTTP_UPGRADE_INSECURE_REQUESTS' => '1'
    'HTTP_USER_AGENT' => 'Mozilla/5.0 (X11; Linux x86_64) AppleWebKit/537.36 (KHTML, like Gecko) Chrome/64.0.3282.186 Safari/537.36'
    'HTTP_ACCEPT' => 'text/html,application/xhtml+xml,application/xml;q=0.9,image/webp,image/apng,*/*;q=0.8'
    'HTTP_REFERER' => 'http://localhost/ems2/debug/default/view?tag=5ab3d9113999d'
    'HTTP_ACCEPT_ENCODING' => 'gzip, deflate, br'
    'HTTP_ACCEPT_LANGUAGE' => 'en-IN,en-GB;q=0.9,en-US;q=0.8,en;q=0.7'
    'HTTP_COOKIE' => '_xsrf=2|efc1e189|120dfefe12b7fb1788a2b396a482a4a9|1520849120; username-localhost-8888=\"2|1:0|10:1520850716|23:username-localhost-8888|44:YzFiNWFmZTg5Yjg1NDRmOTgyMzRlMWMyNWNiOGE5NzE=|10f0f45d794ec390df75454f889cca11763edff23032712b730969016d89ffd2\"; advanced-frontend=0tebaciu8d9o1idkjk670mfk0h; advanced-backend=9ha8tutv9m6hdbo9m2groq8fe6; _csrf-backend=f12d6094a680a8829183ae7531dd2728606bd25775091e7568eddc2ec219123da%3A2%3A%7Bi%3A0%3Bs%3A13%3A%22_csrf-backend%22%3Bi%3A1%3Bs%3A32%3A%222oa3uqUgyi5qIlc94AhQXIop2EF8l-OS%22%3B%7D; _csrf-frontend=595aa068c5452237fba1c19139cdb79db612161e88f929de465cc74a553826a9a%3A2%3A%7Bi%3A0%3Bs%3A14%3A%22_csrf-frontend%22%3Bi%3A1%3Bs%3A32%3A%22EbsKN1jL7ufui2Y39bRug1MxA9ggUeTp%22%3B%7D'
    'PATH' => '/usr/local/sbin:/usr/local/bin:/usr/bin'
    'SERVER_SIGNATURE' => ''
    'SERVER_SOFTWARE' => 'Apache/2.4.29 (Unix) PHP/7.2.2'
    'SERVER_NAME' => 'localhost'
    'SERVER_ADDR' => '::1'
    'SERVER_PORT' => '80'
    'REMOTE_ADDR' => '::1'
    'DOCUMENT_ROOT' => '/srv/http'
    'REQUEST_SCHEME' => 'http'
    'CONTEXT_PREFIX' => ''
    'CONTEXT_DOCUMENT_ROOT' => '/srv/http'
    'SERVER_ADMIN' => 'you@example.com'
    'SCRIPT_FILENAME' => '/srv/http/ems2/index.php'
    'REMOTE_PORT' => '47666'
    'REDIRECT_URL' => '/ems2/gii/model'
    'GATEWAY_INTERFACE' => 'CGI/1.1'
    'SERVER_PROTOCOL' => 'HTTP/1.1'
    'REQUEST_METHOD' => 'GET'
    'QUERY_STRING' => ''
    'REQUEST_URI' => '/ems2/gii/model'
    'SCRIPT_NAME' => '/ems2/index.php'
    'PHP_SELF' => '/ems2/index.php'
    'REQUEST_TIME_FLOAT' => 1521735974.921
    'REQUEST_TIME' => 1521735974
]
2018-03-22 16:45:20 [::1][-][0tebaciu8d9o1idkjk670mfk0h][error][ParseError] ParseError: syntax error, unexpected ')' in /srv/http/ems/frontend/views/layouts/content.php:18
Stack trace:
#0 /srv/http/ems/vendor/yiisoft/yii2/base/View.php(254): yii\base\View->renderPhpFile('/srv/http/ems/f...', Array)
#1 /srv/http/ems/vendor/yiisoft/yii2/base/View.php(156): yii\base\View->renderFile('/srv/http/ems/f...', Array, NULL)
#2 /srv/http/ems/frontend/views/layouts/main.php(58): yii\base\View->render('content.php', Array)
#3 /srv/http/ems/vendor/yiisoft/yii2/base/View.php(336): require('/srv/http/ems/f...')
#4 /srv/http/ems/vendor/yiisoft/yii2/base/View.php(254): yii\base\View->renderPhpFile('/srv/http/ems/f...', Array)
#5 /srv/http/ems/vendor/yiisoft/yii2/base/Controller.php(399): yii\base\View->renderFile('/srv/http/ems/f...', Array, Object(frontend\controllers\SiteController))
#6 /srv/http/ems/vendor/yiisoft/yii2/base/Controller.php(385): yii\base\Controller->renderContent('<div class="sit...')
#7 /srv/http/ems/frontend/controllers/SiteController.php(75): yii\base\Controller->render('index')
#8 [internal function]: frontend\controllers\SiteController->actionIndex()
#9 /srv/http/ems/vendor/yiisoft/yii2/base/InlineAction.php(57): call_user_func_array(Array, Array)
#10 /srv/http/ems/vendor/yiisoft/yii2/base/Controller.php(157): yii\base\InlineAction->runWithParams(Array)
#11 /srv/http/ems/vendor/yiisoft/yii2/base/Module.php(528): yii\base\Controller->runAction('', Array)
#12 /srv/http/ems/vendor/yiisoft/yii2/web/Application.php(103): yii\base\Module->runAction('', Array)
#13 /srv/http/ems/vendor/yiisoft/yii2/base/Application.php(386): yii\web\Application->handleRequest(Object(yii\web\Request))
#14 /srv/http/ems/index.php(17): yii\base\Application->run()
#15 {main}
2018-03-22 16:45:20 [::1][-][0tebaciu8d9o1idkjk670mfk0h][info][application] $_GET = []

$_POST = []

$_FILES = []

$_COOKIE = [
    '_xsrf' => '2|efc1e189|120dfefe12b7fb1788a2b396a482a4a9|1520849120'
    'username-localhost-8888' => '\"2|1:0|10:1520850716|23:username-localhost-8888|44:YzFiNWFmZTg5Yjg1NDRmOTgyMzRlMWMyNWNiOGE5NzE=|10f0f45d794ec390df75454f889cca11763edff23032712b730969016d89ffd2\"'
    'advanced-frontend' => '0tebaciu8d9o1idkjk670mfk0h'
    'advanced-backend' => '9ha8tutv9m6hdbo9m2groq8fe6'
    '_csrf-backend' => 'f12d6094a680a8829183ae7531dd2728606bd25775091e7568eddc2ec219123da:2:{i:0;s:13:\"_csrf-backend\";i:1;s:32:\"2oa3uqUgyi5qIlc94AhQXIop2EF8l-OS\";}'
    '_csrf-frontend' => '595aa068c5452237fba1c19139cdb79db612161e88f929de465cc74a553826a9a:2:{i:0;s:14:\"_csrf-frontend\";i:1;s:32:\"EbsKN1jL7ufui2Y39bRug1MxA9ggUeTp\";}'
]

$_SESSION = [
    '__flash' => []
]

$_SERVER = [
    'HTTP_HOST' => 'localhost'
    'HTTP_CONNECTION' => 'keep-alive'
    'HTTP_PRAGMA' => 'no-cache'
    'HTTP_CACHE_CONTROL' => 'no-cache'
    'HTTP_UPGRADE_INSECURE_REQUESTS' => '1'
    'HTTP_USER_AGENT' => 'Mozilla/5.0 (X11; Linux x86_64) AppleWebKit/537.36 (KHTML, like Gecko) Chrome/64.0.3282.186 Safari/537.36'
    'HTTP_ACCEPT' => 'text/html,application/xhtml+xml,application/xml;q=0.9,image/webp,image/apng,*/*;q=0.8'
    'HTTP_ACCEPT_ENCODING' => 'gzip, deflate, br'
    'HTTP_ACCEPT_LANGUAGE' => 'en-IN,en-GB;q=0.9,en-US;q=0.8,en;q=0.7'
    'HTTP_COOKIE' => '_xsrf=2|efc1e189|120dfefe12b7fb1788a2b396a482a4a9|1520849120; username-localhost-8888=\"2|1:0|10:1520850716|23:username-localhost-8888|44:YzFiNWFmZTg5Yjg1NDRmOTgyMzRlMWMyNWNiOGE5NzE=|10f0f45d794ec390df75454f889cca11763edff23032712b730969016d89ffd2\"; advanced-frontend=0tebaciu8d9o1idkjk670mfk0h; advanced-backend=9ha8tutv9m6hdbo9m2groq8fe6; _csrf-backend=f12d6094a680a8829183ae7531dd2728606bd25775091e7568eddc2ec219123da%3A2%3A%7Bi%3A0%3Bs%3A13%3A%22_csrf-backend%22%3Bi%3A1%3Bs%3A32%3A%222oa3uqUgyi5qIlc94AhQXIop2EF8l-OS%22%3B%7D; _csrf-frontend=595aa068c5452237fba1c19139cdb79db612161e88f929de465cc74a553826a9a%3A2%3A%7Bi%3A0%3Bs%3A14%3A%22_csrf-frontend%22%3Bi%3A1%3Bs%3A32%3A%22EbsKN1jL7ufui2Y39bRug1MxA9ggUeTp%22%3B%7D'
    'PATH' => '/usr/local/sbin:/usr/local/bin:/usr/bin'
    'SERVER_SIGNATURE' => ''
    'SERVER_SOFTWARE' => 'Apache/2.4.29 (Unix) PHP/7.2.2'
    'SERVER_NAME' => 'localhost'
    'SERVER_ADDR' => '::1'
    'SERVER_PORT' => '80'
    'REMOTE_ADDR' => '::1'
    'DOCUMENT_ROOT' => '/srv/http'
    'REQUEST_SCHEME' => 'http'
    'CONTEXT_PREFIX' => ''
    'CONTEXT_DOCUMENT_ROOT' => '/srv/http'
    'SERVER_ADMIN' => 'you@example.com'
    'SCRIPT_FILENAME' => '/srv/http/ems/index.php'
    'REMOTE_PORT' => '48842'
    'GATEWAY_INTERFACE' => 'CGI/1.1'
    'SERVER_PROTOCOL' => 'HTTP/1.1'
    'REQUEST_METHOD' => 'GET'
    'QUERY_STRING' => ''
    'REQUEST_URI' => '/ems/'
    'SCRIPT_NAME' => '/ems/index.php'
    'PHP_SELF' => '/ems/index.php'
    'REQUEST_TIME_FLOAT' => 1521737120.561
    'REQUEST_TIME' => 1521737120
]
2018-03-22 16:48:36 [::1][-][0tebaciu8d9o1idkjk670mfk0h][error][yii\web\HttpException:404] yii\base\InvalidRouteException: Unable to resolve the request "www.mospi.gov.in/". in /srv/http/ems/vendor/yiisoft/yii2/base/Module.php:537
Stack trace:
#0 /srv/http/ems/vendor/yiisoft/yii2/web/Application.php(103): yii\base\Module->runAction('www.mospi.gov.i...', Array)
#1 /srv/http/ems/vendor/yiisoft/yii2/base/Application.php(386): yii\web\Application->handleRequest(Object(yii\web\Request))
#2 /srv/http/ems/index.php(17): yii\base\Application->run()
#3 {main}

Next yii\web\NotFoundHttpException: Page not found. in /srv/http/ems/vendor/yiisoft/yii2/web/Application.php:115
Stack trace:
#0 /srv/http/ems/vendor/yiisoft/yii2/base/Application.php(386): yii\web\Application->handleRequest(Object(yii\web\Request))
#1 /srv/http/ems/index.php(17): yii\base\Application->run()
#2 {main}
2018-03-22 16:48:36 [::1][-][0tebaciu8d9o1idkjk670mfk0h][info][application] $_GET = []

$_POST = []

$_FILES = []

$_COOKIE = [
    '_xsrf' => '2|efc1e189|120dfefe12b7fb1788a2b396a482a4a9|1520849120'
    'username-localhost-8888' => '\"2|1:0|10:1520850716|23:username-localhost-8888|44:YzFiNWFmZTg5Yjg1NDRmOTgyMzRlMWMyNWNiOGE5NzE=|10f0f45d794ec390df75454f889cca11763edff23032712b730969016d89ffd2\"'
    'advanced-frontend' => '0tebaciu8d9o1idkjk670mfk0h'
    'advanced-backend' => '9ha8tutv9m6hdbo9m2groq8fe6'
    '_csrf-backend' => 'f12d6094a680a8829183ae7531dd2728606bd25775091e7568eddc2ec219123da:2:{i:0;s:13:\"_csrf-backend\";i:1;s:32:\"2oa3uqUgyi5qIlc94AhQXIop2EF8l-OS\";}'
    '_csrf-frontend' => '595aa068c5452237fba1c19139cdb79db612161e88f929de465cc74a553826a9a:2:{i:0;s:14:\"_csrf-frontend\";i:1;s:32:\"EbsKN1jL7ufui2Y39bRug1MxA9ggUeTp\";}'
]

$_SESSION = [
    '__flash' => []
]

$_SERVER = [
    'REDIRECT_STATUS' => '200'
    'HTTP_HOST' => 'localhost'
    'HTTP_CONNECTION' => 'keep-alive'
    'HTTP_UPGRADE_INSECURE_REQUESTS' => '1'
    'HTTP_USER_AGENT' => 'Mozilla/5.0 (X11; Linux x86_64) AppleWebKit/537.36 (KHTML, like Gecko) Chrome/64.0.3282.186 Safari/537.36'
    'HTTP_ACCEPT' => 'text/html,application/xhtml+xml,application/xml;q=0.9,image/webp,image/apng,*/*;q=0.8'
    'HTTP_REFERER' => 'http://localhost/ems/'
    'HTTP_ACCEPT_ENCODING' => 'gzip, deflate, br'
    'HTTP_ACCEPT_LANGUAGE' => 'en-IN,en-GB;q=0.9,en-US;q=0.8,en;q=0.7'
    'HTTP_COOKIE' => '_xsrf=2|efc1e189|120dfefe12b7fb1788a2b396a482a4a9|1520849120; username-localhost-8888=\"2|1:0|10:1520850716|23:username-localhost-8888|44:YzFiNWFmZTg5Yjg1NDRmOTgyMzRlMWMyNWNiOGE5NzE=|10f0f45d794ec390df75454f889cca11763edff23032712b730969016d89ffd2\"; advanced-frontend=0tebaciu8d9o1idkjk670mfk0h; advanced-backend=9ha8tutv9m6hdbo9m2groq8fe6; _csrf-backend=f12d6094a680a8829183ae7531dd2728606bd25775091e7568eddc2ec219123da%3A2%3A%7Bi%3A0%3Bs%3A13%3A%22_csrf-backend%22%3Bi%3A1%3Bs%3A32%3A%222oa3uqUgyi5qIlc94AhQXIop2EF8l-OS%22%3B%7D; _csrf-frontend=595aa068c5452237fba1c19139cdb79db612161e88f929de465cc74a553826a9a%3A2%3A%7Bi%3A0%3Bs%3A14%3A%22_csrf-frontend%22%3Bi%3A1%3Bs%3A32%3A%22EbsKN1jL7ufui2Y39bRug1MxA9ggUeTp%22%3B%7D'
    'PATH' => '/usr/local/sbin:/usr/local/bin:/usr/bin'
    'SERVER_SIGNATURE' => ''
    'SERVER_SOFTWARE' => 'Apache/2.4.29 (Unix) PHP/7.2.2'
    'SERVER_NAME' => 'localhost'
    'SERVER_ADDR' => '::1'
    'SERVER_PORT' => '80'
    'REMOTE_ADDR' => '::1'
    'DOCUMENT_ROOT' => '/srv/http'
    'REQUEST_SCHEME' => 'http'
    'CONTEXT_PREFIX' => ''
    'CONTEXT_DOCUMENT_ROOT' => '/srv/http'
    'SERVER_ADMIN' => 'you@example.com'
    'SCRIPT_FILENAME' => '/srv/http/ems/index.php'
    'REMOTE_PORT' => '49116'
    'REDIRECT_URL' => '/ems/www.mospi.gov.in/'
    'GATEWAY_INTERFACE' => 'CGI/1.1'
    'SERVER_PROTOCOL' => 'HTTP/1.1'
    'REQUEST_METHOD' => 'GET'
    'QUERY_STRING' => ''
    'REQUEST_URI' => '/ems/www.mospi.gov.in/'
    'SCRIPT_NAME' => '/ems/index.php'
    'PHP_SELF' => '/ems/index.php'
    'REQUEST_TIME_FLOAT' => 1521737316.784
    'REQUEST_TIME' => 1521737316
]
2018-03-22 17:05:55 [::1][-][0tebaciu8d9o1idkjk670mfk0h][error][yii\db\Exception] PDOException: could not find driver in /srv/http/ems/vendor/yiisoft/yii2/db/Connection.php:686
Stack trace:
#0 /srv/http/ems/vendor/yiisoft/yii2/db/Connection.php(686): PDO->__construct('mysql:host=loca...', 'root', '12345', NULL)
#1 /srv/http/ems/vendor/yiisoft/yii2/db/Connection.php(612): yii\db\Connection->createPdoInstance()
#2 /srv/http/ems/vendor/yiisoft/yii2/db/Connection.php(995): yii\db\Connection->open()
#3 /srv/http/ems/vendor/yiisoft/yii2/db/Connection.php(982): yii\db\Connection->getMasterPdo()
#4 /srv/http/ems/vendor/yiisoft/yii2/db/Schema.php(463): yii\db\Connection->getSlavePdo()
#5 /srv/http/ems/vendor/yiisoft/yii2/db/Connection.php(880): yii\db\Schema->quoteValue('Sumit Hotchanda...')
#6 /srv/http/ems/vendor/yiisoft/yii2/db/Command.php(209): yii\db\Connection->quoteValue('Sumit Hotchanda...')
#7 /srv/http/ems/vendor/yiisoft/yii2/db/Command.php(1096): yii\db\Command->getRawSql()
#8 /srv/http/ems/vendor/yiisoft/yii2/db/Command.php(1117): yii\db\Command->logQuery('yii\\db\\Command:...')
#9 /srv/http/ems/vendor/yiisoft/yii2/db/Command.php(422): yii\db\Command->queryInternal('fetchColumn', 0)
#10 /srv/http/ems/vendor/yiisoft/yii2/db/Query.php(425): yii\db\Command->queryScalar()
#11 /srv/http/ems/vendor/yiisoft/yii2/validators/UniqueValidator.php(187): yii\db\Query->exists()
#12 /srv/http/ems/vendor/yiisoft/yii2/validators/UniqueValidator.php(145): yii\validators\UniqueValidator->modelExists('\\common\\models\\...', Array, Object(frontend\models\SignupForm))
#13 [internal function]: yii\validators\UniqueValidator->yii\validators\{closure}(Object(yii\db\Connection))
#14 /srv/http/ems/vendor/yiisoft/yii2/db/Connection.php(1058): call_user_func(Object(Closure), Object(yii\db\Connection))
#15 /srv/http/ems/vendor/yiisoft/yii2/validators/UniqueValidator.php(146): yii\db\Connection->useMaster(Object(Closure))
#16 /srv/http/ems/vendor/yiisoft/yii2/validators/Validator.php(267): yii\validators\UniqueValidator->validateAttribute(Object(frontend\models\SignupForm), 'username')
#17 /srv/http/ems/vendor/yiisoft/yii2/base/Model.php(367): yii\validators\Validator->validateAttributes(Object(frontend\models\SignupForm), Array)
#18 /srv/http/ems/frontend/models/SignupForm.php(46): yii\base\Model->validate()
#19 /srv/http/ems/frontend/controllers/SiteController.php(155): frontend\models\SignupForm->signup()
#20 [internal function]: frontend\controllers\SiteController->actionSignup()
#21 /srv/http/ems/vendor/yiisoft/yii2/base/InlineAction.php(57): call_user_func_array(Array, Array)
#22 /srv/http/ems/vendor/yiisoft/yii2/base/Controller.php(157): yii\base\InlineAction->runWithParams(Array)
#23 /srv/http/ems/vendor/yiisoft/yii2/base/Module.php(528): yii\base\Controller->runAction('signup', Array)
#24 /srv/http/ems/vendor/yiisoft/yii2/web/Application.php(103): yii\base\Module->runAction('site/signup', Array)
#25 /srv/http/ems/vendor/yiisoft/yii2/base/Application.php(386): yii\web\Application->handleRequest(Object(yii\web\Request))
#26 /srv/http/ems/index.php(17): yii\base\Application->run()
#27 {main}

Next yii\db\Exception: could not find driver in /srv/http/ems/vendor/yiisoft/yii2/db/Connection.php:623
Stack trace:
#0 /srv/http/ems/vendor/yiisoft/yii2/db/Connection.php(995): yii\db\Connection->open()
#1 /srv/http/ems/vendor/yiisoft/yii2/db/Connection.php(982): yii\db\Connection->getMasterPdo()
#2 /srv/http/ems/vendor/yiisoft/yii2/db/Schema.php(463): yii\db\Connection->getSlavePdo()
#3 /srv/http/ems/vendor/yiisoft/yii2/db/Connection.php(880): yii\db\Schema->quoteValue('Sumit Hotchanda...')
#4 /srv/http/ems/vendor/yiisoft/yii2/db/Command.php(209): yii\db\Connection->quoteValue('Sumit Hotchanda...')
#5 /srv/http/ems/vendor/yiisoft/yii2/db/Command.php(1096): yii\db\Command->getRawSql()
#6 /srv/http/ems/vendor/yiisoft/yii2/db/Command.php(1117): yii\db\Command->logQuery('yii\\db\\Command:...')
#7 /srv/http/ems/vendor/yiisoft/yii2/db/Command.php(422): yii\db\Command->queryInternal('fetchColumn', 0)
#8 /srv/http/ems/vendor/yiisoft/yii2/db/Query.php(425): yii\db\Command->queryScalar()
#9 /srv/http/ems/vendor/yiisoft/yii2/validators/UniqueValidator.php(187): yii\db\Query->exists()
#10 /srv/http/ems/vendor/yiisoft/yii2/validators/UniqueValidator.php(145): yii\validators\UniqueValidator->modelExists('\\common\\models\\...', Array, Object(frontend\models\SignupForm))
#11 [internal function]: yii\validators\UniqueValidator->yii\validators\{closure}(Object(yii\db\Connection))
#12 /srv/http/ems/vendor/yiisoft/yii2/db/Connection.php(1058): call_user_func(Object(Closure), Object(yii\db\Connection))
#13 /srv/http/ems/vendor/yiisoft/yii2/validators/UniqueValidator.php(146): yii\db\Connection->useMaster(Object(Closure))
#14 /srv/http/ems/vendor/yiisoft/yii2/validators/Validator.php(267): yii\validators\UniqueValidator->validateAttribute(Object(frontend\models\SignupForm), 'username')
#15 /srv/http/ems/vendor/yiisoft/yii2/base/Model.php(367): yii\validators\Validator->validateAttributes(Object(frontend\models\SignupForm), Array)
#16 /srv/http/ems/frontend/models/SignupForm.php(46): yii\base\Model->validate()
#17 /srv/http/ems/frontend/controllers/SiteController.php(155): frontend\models\SignupForm->signup()
#18 [internal function]: frontend\controllers\SiteController->actionSignup()
#19 /srv/http/ems/vendor/yiisoft/yii2/base/InlineAction.php(57): call_user_func_array(Array, Array)
#20 /srv/http/ems/vendor/yiisoft/yii2/base/Controller.php(157): yii\base\InlineAction->runWithParams(Array)
#21 /srv/http/ems/vendor/yiisoft/yii2/base/Module.php(528): yii\base\Controller->runAction('signup', Array)
#22 /srv/http/ems/vendor/yiisoft/yii2/web/Application.php(103): yii\base\Module->runAction('site/signup', Array)
#23 /srv/http/ems/vendor/yiisoft/yii2/base/Application.php(386): yii\web\Application->handleRequest(Object(yii\web\Request))
#24 /srv/http/ems/index.php(17): yii\base\Application->run()
#25 {main}
Additional Information:

2018-03-22 17:05:55 [::1][-][0tebaciu8d9o1idkjk670mfk0h][info][application] $_GET = []

$_POST = [
    '_csrf-frontend' => 'iRtx2hCz6Ry4tA8jrdGnxtyiNPsJiZE-ucpf0ZbtTSfMeQKRXoKDUI_BaVbE4_715cBmjm643Eb48zi2w4gZVw=='
    'SignupForm' => [
        'username' => 'Sumit Hotchandani'
        'email' => 'sumit.hotchandani@gmail.com'
        'password' => 'wadia10004'
    ]
    'signup-button' => ''
]

$_FILES = []

$_COOKIE = [
    '_xsrf' => '2|efc1e189|120dfefe12b7fb1788a2b396a482a4a9|1520849120'
    'username-localhost-8888' => '\"2|1:0|10:1520850716|23:username-localhost-8888|44:YzFiNWFmZTg5Yjg1NDRmOTgyMzRlMWMyNWNiOGE5NzE=|10f0f45d794ec390df75454f889cca11763edff23032712b730969016d89ffd2\"'
    'advanced-frontend' => '0tebaciu8d9o1idkjk670mfk0h'
    'advanced-backend' => '9ha8tutv9m6hdbo9m2groq8fe6'
    '_csrf-backend' => 'f12d6094a680a8829183ae7531dd2728606bd25775091e7568eddc2ec219123da:2:{i:0;s:13:\"_csrf-backend\";i:1;s:32:\"2oa3uqUgyi5qIlc94AhQXIop2EF8l-OS\";}'
    '_csrf-frontend' => '595aa068c5452237fba1c19139cdb79db612161e88f929de465cc74a553826a9a:2:{i:0;s:14:\"_csrf-frontend\";i:1;s:32:\"EbsKN1jL7ufui2Y39bRug1MxA9ggUeTp\";}'
]

$_SESSION = [
    '__flash' => []
]

$_SERVER = [
    'REDIRECT_STATUS' => '200'
    'HTTP_HOST' => 'localhost'
    'HTTP_CONNECTION' => 'keep-alive'
    'CONTENT_LENGTH' => '253'
    'HTTP_CACHE_CONTROL' => 'max-age=0'
    'HTTP_ORIGIN' => 'http://localhost'
    'HTTP_UPGRADE_INSECURE_REQUESTS' => '1'
    'CONTENT_TYPE' => 'application/x-www-form-urlencoded'
    'HTTP_USER_AGENT' => 'Mozilla/5.0 (X11; Linux x86_64) AppleWebKit/537.36 (KHTML, like Gecko) Chrome/64.0.3282.186 Safari/537.36'
    'HTTP_ACCEPT' => 'text/html,application/xhtml+xml,application/xml;q=0.9,image/webp,image/apng,*/*;q=0.8'
    'HTTP_REFERER' => 'http://localhost/ems/signup'
    'HTTP_ACCEPT_ENCODING' => 'gzip, deflate, br'
    'HTTP_ACCEPT_LANGUAGE' => 'en-IN,en-GB;q=0.9,en-US;q=0.8,en;q=0.7'
    'HTTP_COOKIE' => '_xsrf=2|efc1e189|120dfefe12b7fb1788a2b396a482a4a9|1520849120; username-localhost-8888=\"2|1:0|10:1520850716|23:username-localhost-8888|44:YzFiNWFmZTg5Yjg1NDRmOTgyMzRlMWMyNWNiOGE5NzE=|10f0f45d794ec390df75454f889cca11763edff23032712b730969016d89ffd2\"; advanced-frontend=0tebaciu8d9o1idkjk670mfk0h; advanced-backend=9ha8tutv9m6hdbo9m2groq8fe6; _csrf-backend=f12d6094a680a8829183ae7531dd2728606bd25775091e7568eddc2ec219123da%3A2%3A%7Bi%3A0%3Bs%3A13%3A%22_csrf-backend%22%3Bi%3A1%3Bs%3A32%3A%222oa3uqUgyi5qIlc94AhQXIop2EF8l-OS%22%3B%7D; _csrf-frontend=595aa068c5452237fba1c19139cdb79db612161e88f929de465cc74a553826a9a%3A2%3A%7Bi%3A0%3Bs%3A14%3A%22_csrf-frontend%22%3Bi%3A1%3Bs%3A32%3A%22EbsKN1jL7ufui2Y39bRug1MxA9ggUeTp%22%3B%7D'
    'PATH' => '/usr/local/sbin:/usr/local/bin:/usr/bin'
    'SERVER_SIGNATURE' => ''
    'SERVER_SOFTWARE' => 'Apache/2.4.29 (Unix) PHP/7.2.2'
    'SERVER_NAME' => 'localhost'
    'SERVER_ADDR' => '::1'
    'SERVER_PORT' => '80'
    'REMOTE_ADDR' => '::1'
    'DOCUMENT_ROOT' => '/srv/http'
    'REQUEST_SCHEME' => 'http'
    'CONTEXT_PREFIX' => ''
    'CONTEXT_DOCUMENT_ROOT' => '/srv/http'
    'SERVER_ADMIN' => 'you@example.com'
    'SCRIPT_FILENAME' => '/srv/http/ems/index.php'
    'REMOTE_PORT' => '53060'
    'REDIRECT_URL' => '/ems/signup'
    'GATEWAY_INTERFACE' => 'CGI/1.1'
    'SERVER_PROTOCOL' => 'HTTP/1.1'
    'REQUEST_METHOD' => 'POST'
    'QUERY_STRING' => ''
    'REQUEST_URI' => '/ems/signup'
    'SCRIPT_NAME' => '/ems/index.php'
    'PHP_SELF' => '/ems/index.php'
    'REQUEST_TIME_FLOAT' => 1521738355.929
    'REQUEST_TIME' => 1521738355
]
2018-03-22 18:21:23 [::1][-][-][warning][yii\log\Dispatcher::dispatch] Unable to send log via yii\debug\LogTarget: PHP Notice 'yii\base\ErrorException' with message 'unserialize(): Error at offset 0 of 27286 bytes' 

in /var/www/html/EMS/vendor/yiisoft/yii2-debug/LogTarget.php:95

Stack trace:
#0 [internal function]: yii\base\ErrorHandler->handleError(8, 'unserialize(): ...', '/var/www/html/E...', 95, Array)
#1 /var/www/html/EMS/vendor/yiisoft/yii2-debug/LogTarget.php(95): unserialize('<<<<<<< HEAD\na:...')
#2 /var/www/html/EMS/vendor/yiisoft/yii2-debug/LogTarget.php(70): yii\debug\LogTarget->updateIndexFile('/var/www/html/E...', Array)
#3 /var/www/html/EMS/vendor/yiisoft/yii2-debug/LogTarget.php(125): yii\debug\LogTarget->export()
#4 /var/www/html/EMS/vendor/yiisoft/yii2/log/Dispatcher.php(189): yii\debug\LogTarget->collect(Array, true)
#5 /var/www/html/EMS/vendor/yiisoft/yii2/log/Logger.php(177): yii\log\Dispatcher->dispatch(Array, true)
#6 [internal function]: yii\log\Logger->flush(true)
#7 {main}
2018-03-22 18:21:22 [::1][-][-][info][application] $_GET = []

$_POST = []

$_FILES = []

$_COOKIE = [
    '_ga' => 'GA1.1.707807058.1515763582'
    'advanced-backend' => 'gjoc9i5v64unkv98r0ce56ahi5'
    '_csrf-backend' => '7b64415bef6eef6c12e9c7786b23be6a31a80e3a06bdaffe99b9d92970fdcda0a:2:{i:0;s:13:\"_csrf-backend\";i:1;s:32:\"21Z5E-rnUQwn3BMyfXckmjiM9LYrB5r0\";}'
    '_csrf-frontend' => '3fc7366aa5b51453b3a6e156e87e8adf950d732404c187300e452a9d209464dfa:2:{i:0;s:14:\"_csrf-frontend\";i:1;s:32:\"-zttQcZEIq8Ls10XJfGzZh1DfVfa-K7L\";}'
    '_gid' => 'GA1.1.605166613.1521732365'
    '_identity-frontend' => '1c504e41b76a0cc485ae4ec6f97a628f9a179b34354bb041222f665250274da5a:2:{i:0;s:18:\"_identity-frontend\";i:1;s:47:\"[36,\"2wM1yJL7KnMiNQOpMHM9B1O1kdSwkuRf\",2592000]\";}'
    'advanced-frontend' => 'q502m7977vrg7578sukqkj33d6'
]

$_SESSION = [
    '__flash' => []
]

$_SERVER = [
    'REDIRECT_STATUS' => '200'
    'HTTP_HOST' => 'localhost'
    'HTTP_CONNECTION' => 'keep-alive'
    'HTTP_CACHE_CONTROL' => 'max-age=0'
    'HTTP_UPGRADE_INSECURE_REQUESTS' => '1'
    'HTTP_USER_AGENT' => 'Mozilla/5.0 (X11; Linux x86_64) AppleWebKit/537.36 (KHTML, like Gecko) Ubuntu Chromium/64.0.3282.167 Chrome/64.0.3282.167 Safari/537.36'
    'HTTP_ACCEPT' => 'text/html,application/xhtml+xml,application/xml;q=0.9,image/webp,image/apng,*/*;q=0.8'
    'HTTP_ACCEPT_ENCODING' => 'gzip, deflate, br'
    'HTTP_ACCEPT_LANGUAGE' => 'en-US,en;q=0.9'
    'HTTP_COOKIE' => '_ga=GA1.1.707807058.1515763582; advanced-backend=gjoc9i5v64unkv98r0ce56ahi5; _csrf-backend=7b64415bef6eef6c12e9c7786b23be6a31a80e3a06bdaffe99b9d92970fdcda0a%3A2%3A%7Bi%3A0%3Bs%3A13%3A%22_csrf-backend%22%3Bi%3A1%3Bs%3A32%3A%2221Z5E-rnUQwn3BMyfXckmjiM9LYrB5r0%22%3B%7D; _csrf-frontend=3fc7366aa5b51453b3a6e156e87e8adf950d732404c187300e452a9d209464dfa%3A2%3A%7Bi%3A0%3Bs%3A14%3A%22_csrf-frontend%22%3Bi%3A1%3Bs%3A32%3A%22-zttQcZEIq8Ls10XJfGzZh1DfVfa-K7L%22%3B%7D; _gid=GA1.1.605166613.1521732365; _identity-frontend=1c504e41b76a0cc485ae4ec6f97a628f9a179b34354bb041222f665250274da5a%3A2%3A%7Bi%3A0%3Bs%3A18%3A%22_identity-frontend%22%3Bi%3A1%3Bs%3A47%3A%22%5B36%2C%222wM1yJL7KnMiNQOpMHM9B1O1kdSwkuRf%22%2C2592000%5D%22%3B%7D; advanced-frontend=q502m7977vrg7578sukqkj33d6'
    'PATH' => '/usr/local/sbin:/usr/local/bin:/usr/sbin:/usr/bin:/sbin:/bin'
    'SERVER_SIGNATURE' => '<address>Apache/2.4.18 (Ubuntu) Server at localhost Port 80</address>
'
    'SERVER_SOFTWARE' => 'Apache/2.4.18 (Ubuntu)'
    'SERVER_NAME' => 'localhost'
    'SERVER_ADDR' => '::1'
    'SERVER_PORT' => '80'
    'REMOTE_ADDR' => '::1'
    'DOCUMENT_ROOT' => '/var/www/html'
    'REQUEST_SCHEME' => 'http'
    'CONTEXT_PREFIX' => ''
    'CONTEXT_DOCUMENT_ROOT' => '/var/www/html'
    'SERVER_ADMIN' => 'webmaster@localhost'
    'SCRIPT_FILENAME' => '/var/www/html/EMS/index.php'
    'REMOTE_PORT' => '49520'
    'REDIRECT_URL' => '/EMS/signup'
    'GATEWAY_INTERFACE' => 'CGI/1.1'
    'SERVER_PROTOCOL' => 'HTTP/1.1'
    'REQUEST_METHOD' => 'GET'
    'QUERY_STRING' => ''
    'REQUEST_URI' => '/EMS/signup'
    'SCRIPT_NAME' => '/EMS/index.php'
    'PHP_SELF' => '/EMS/index.php'
    'REQUEST_TIME_FLOAT' => 1521742882.463
    'REQUEST_TIME' => 1521742882
]
2018-03-22 18:21:24 [::1][-][q502m7977vrg7578sukqkj33d6][error][yii\web\HttpException:404] yii\base\InvalidRouteException: Unable to resolve the request "favicon.jpg". in /var/www/html/EMS/vendor/yiisoft/yii2/base/Module.php:537
Stack trace:
#0 /var/www/html/EMS/vendor/yiisoft/yii2/web/Application.php(103): yii\base\Module->runAction('favicon.jpg', Array)
#1 /var/www/html/EMS/vendor/yiisoft/yii2/base/Application.php(386): yii\web\Application->handleRequest(Object(yii\web\Request))
#2 /var/www/html/EMS/index.php(17): yii\base\Application->run()
#3 {main}

Next yii\web\NotFoundHttpException: Page not found. in /var/www/html/EMS/vendor/yiisoft/yii2/web/Application.php:115
Stack trace:
#0 /var/www/html/EMS/vendor/yiisoft/yii2/base/Application.php(386): yii\web\Application->handleRequest(Object(yii\web\Request))
#1 /var/www/html/EMS/index.php(17): yii\base\Application->run()
#2 {main}
2018-03-22 18:21:23 [::1][-][q502m7977vrg7578sukqkj33d6][info][application] $_GET = []

$_POST = []

$_FILES = []

$_COOKIE = [
    '_ga' => 'GA1.1.707807058.1515763582'
    'advanced-backend' => 'gjoc9i5v64unkv98r0ce56ahi5'
    '_csrf-backend' => '7b64415bef6eef6c12e9c7786b23be6a31a80e3a06bdaffe99b9d92970fdcda0a:2:{i:0;s:13:\"_csrf-backend\";i:1;s:32:\"21Z5E-rnUQwn3BMyfXckmjiM9LYrB5r0\";}'
    '_gid' => 'GA1.1.605166613.1521732365'
    '_identity-frontend' => '1c504e41b76a0cc485ae4ec6f97a628f9a179b34354bb041222f665250274da5a:2:{i:0;s:18:\"_identity-frontend\";i:1;s:47:\"[36,\"2wM1yJL7KnMiNQOpMHM9B1O1kdSwkuRf\",2592000]\";}'
    'advanced-frontend' => 'q502m7977vrg7578sukqkj33d6'
    '_csrf-frontend' => 'a886c39fcd8df06ac386700c47805581b756cbe323edbba7cdc24ceda5e54dcaa:2:{i:0;s:14:\"_csrf-frontend\";i:1;s:32:\"L3_fYaJzBjlmv9sXyylHjtcNhwd0TMdz\";}'
]

$_SESSION = [
    '__flash' => []
]

$_SERVER = [
    'REDIRECT_STATUS' => '200'
    'HTTP_HOST' => 'localhost'
    'HTTP_CONNECTION' => 'keep-alive'
    'HTTP_PRAGMA' => 'no-cache'
    'HTTP_CACHE_CONTROL' => 'no-cache'
    'HTTP_USER_AGENT' => 'Mozilla/5.0 (X11; Linux x86_64) AppleWebKit/537.36 (KHTML, like Gecko) Ubuntu Chromium/64.0.3282.167 Chrome/64.0.3282.167 Safari/537.36'
    'HTTP_ACCEPT' => 'image/webp,image/apng,image/*,*/*;q=0.8'
    'HTTP_REFERER' => 'http://localhost/EMS/signup'
    'HTTP_ACCEPT_ENCODING' => 'gzip, deflate, br'
    'HTTP_ACCEPT_LANGUAGE' => 'en-US,en;q=0.9'
    'HTTP_COOKIE' => '_ga=GA1.1.707807058.1515763582; advanced-backend=gjoc9i5v64unkv98r0ce56ahi5; _csrf-backend=7b64415bef6eef6c12e9c7786b23be6a31a80e3a06bdaffe99b9d92970fdcda0a%3A2%3A%7Bi%3A0%3Bs%3A13%3A%22_csrf-backend%22%3Bi%3A1%3Bs%3A32%3A%2221Z5E-rnUQwn3BMyfXckmjiM9LYrB5r0%22%3B%7D; _gid=GA1.1.605166613.1521732365; _identity-frontend=1c504e41b76a0cc485ae4ec6f97a628f9a179b34354bb041222f665250274da5a%3A2%3A%7Bi%3A0%3Bs%3A18%3A%22_identity-frontend%22%3Bi%3A1%3Bs%3A47%3A%22%5B36%2C%222wM1yJL7KnMiNQOpMHM9B1O1kdSwkuRf%22%2C2592000%5D%22%3B%7D; advanced-frontend=q502m7977vrg7578sukqkj33d6; _csrf-frontend=a886c39fcd8df06ac386700c47805581b756cbe323edbba7cdc24ceda5e54dcaa%3A2%3A%7Bi%3A0%3Bs%3A14%3A%22_csrf-frontend%22%3Bi%3A1%3Bs%3A32%3A%22L3_fYaJzBjlmv9sXyylHjtcNhwd0TMdz%22%3B%7D'
    'PATH' => '/usr/local/sbin:/usr/local/bin:/usr/sbin:/usr/bin:/sbin:/bin'
    'SERVER_SIGNATURE' => '<address>Apache/2.4.18 (Ubuntu) Server at localhost Port 80</address>
'
    'SERVER_SOFTWARE' => 'Apache/2.4.18 (Ubuntu)'
    'SERVER_NAME' => 'localhost'
    'SERVER_ADDR' => '::1'
    'SERVER_PORT' => '80'
    'REMOTE_ADDR' => '::1'
    'DOCUMENT_ROOT' => '/var/www/html'
    'REQUEST_SCHEME' => 'http'
    'CONTEXT_PREFIX' => ''
    'CONTEXT_DOCUMENT_ROOT' => '/var/www/html'
    'SERVER_ADMIN' => 'webmaster@localhost'
    'SCRIPT_FILENAME' => '/var/www/html/EMS/index.php'
    'REMOTE_PORT' => '49524'
    'REDIRECT_URL' => '/EMS/favicon.jpg'
    'GATEWAY_INTERFACE' => 'CGI/1.1'
    'SERVER_PROTOCOL' => 'HTTP/1.1'
    'REQUEST_METHOD' => 'GET'
    'QUERY_STRING' => ''
    'REQUEST_URI' => '/EMS/favicon.jpg'
    'SCRIPT_NAME' => '/EMS/index.php'
    'PHP_SELF' => '/EMS/index.php'
    'REQUEST_TIME_FLOAT' => 1521742883.572
    'REQUEST_TIME' => 1521742883
]
2018-03-24 07:09:50 [::1][-][c446ejgdb0vl9ad1f99ssq6e60][error][yii\db\Exception] PDOException: could not find driver in /var/www/html/EMS/vendor/yiisoft/yii2/db/Connection.php:686
Stack trace:
#0 /var/www/html/EMS/vendor/yiisoft/yii2/db/Connection.php(686): PDO->__construct('mysql:host=loca...', 'root', '12345', NULL)
#1 /var/www/html/EMS/vendor/yiisoft/yii2/db/Connection.php(612): yii\db\Connection->createPdoInstance()
#2 /var/www/html/EMS/vendor/yiisoft/yii2/db/Connection.php(995): yii\db\Connection->open()
#3 /var/www/html/EMS/vendor/yiisoft/yii2/db/Connection.php(982): yii\db\Connection->getMasterPdo()
#4 /var/www/html/EMS/vendor/yiisoft/yii2/db/Command.php(253): yii\db\Connection->getSlavePdo()
#5 /var/www/html/EMS/vendor/yiisoft/yii2/db/Command.php(1140): yii\db\Command->prepare(true)
#6 /var/www/html/EMS/vendor/yiisoft/yii2/db/Command.php(439): yii\db\Command->queryInternal('fetchAll', 7)
#7 /var/www/html/EMS/vendor/yiisoft/yii2/db/mysql/Schema.php(111): yii\db\Command->queryColumn()
#8 /var/www/html/EMS/vendor/yiisoft/yii2/db/Schema.php(237): yii\db\mysql\Schema->findTableNames('')
#9 /var/www/html/EMS/vendor/yiisoft/yii2-gii/generators/model/Generator.php(161): yii\db\Schema->getTableNames()
#10 [internal function]: yii\gii\generators\model\Generator->yii\gii\generators\model\{closure}()
#11 /var/www/html/EMS/vendor/yiisoft/yii2-gii/components/ActiveField.php(41): call_user_func(Object(Closure))
#12 /var/www/html/EMS/vendor/yiisoft/yii2/base/BaseObject.php(109): yii\gii\components\ActiveField->init()
#13 [internal function]: yii\base\BaseObject->__construct(Array)
#14 /var/www/html/EMS/vendor/yiisoft/yii2/di/Container.php(383): ReflectionClass->newInstanceArgs(Array)
#15 /var/www/html/EMS/vendor/yiisoft/yii2/di/Container.php(156): yii\di\Container->build('yii\\gii\\compone...', Array, Array)
#16 /var/www/html/EMS/vendor/yiisoft/yii2/BaseYii.php(349): yii\di\Container->get('yii\\gii\\compone...', Array, Array)
#17 /var/www/html/EMS/vendor/yiisoft/yii2/widgets/ActiveForm.php(333): yii\BaseYii::createObject(Array)
#18 /var/www/html/EMS/vendor/yiisoft/yii2-gii/generators/model/form.php(9): yii\widgets\ActiveForm->field(Object(yii\gii\generators\model\Generator), 'tableName')
#19 /var/www/html/EMS/vendor/yiisoft/yii2/base/View.php(336): require('/var/www/html/E...')
#20 /var/www/html/EMS/vendor/yiisoft/yii2/base/View.php(254): yii\base\View->renderPhpFile('/var/www/html/E...', '[<span class="s...')
#21 /var/www/html/EMS/vendor/yiisoft/yii2-gii/views/default/view.php(37): yii\base\View->renderFile('/var/www/html/E...', Array)
#22 /var/www/html/EMS/vendor/yiisoft/yii2/base/View.php(336): require('/var/www/html/E...')
#23 /var/www/html/EMS/vendor/yiisoft/yii2/base/View.php(254): yii\base\View->renderPhpFile('/var/www/html/E...', '[<span class="s...')
#24 /var/www/html/EMS/vendor/yiisoft/yii2/base/View.php(156): yii\base\View->renderFile('/var/www/html/E...', Array, Object(yii\gii\controllers\DefaultController))
#25 /var/www/html/EMS/vendor/yiisoft/yii2/base/Controller.php(384): yii\base\View->render('view', Array, Object(yii\gii\controllers\DefaultController))
#26 /var/www/html/EMS/vendor/yiisoft/yii2-gii/controllers/DefaultController.php(72): yii\base\Controller->render('view', Array)
#27 [internal function]: yii\gii\controllers\DefaultController->actionView('model')
#28 /var/www/html/EMS/vendor/yiisoft/yii2/base/InlineAction.php(57): call_user_func_array(Array, Array)
#29 /var/www/html/EMS/vendor/yiisoft/yii2/base/Controller.php(157): yii\base\InlineAction->runWithParams(Array)
#30 /var/www/html/EMS/vendor/yiisoft/yii2/base/Module.php(528): yii\base\Controller->runAction('view', Array)
#31 /var/www/html/EMS/vendor/yiisoft/yii2/web/Application.php(103): yii\base\Module->runAction('gii/default/vie...', Array)
#32 /var/www/html/EMS/vendor/yiisoft/yii2/base/Application.php(386): yii\web\Application->handleRequest(Object(yii\web\Request))
#33 /var/www/html/EMS/index.php(17): yii\base\Application->run()
#34 {main}

Next yii\db\Exception: could not find driver in /var/www/html/EMS/vendor/yiisoft/yii2/db/Connection.php:623
Stack trace:
#0 /var/www/html/EMS/vendor/yiisoft/yii2/db/Connection.php(995): yii\db\Connection->open()
#1 /var/www/html/EMS/vendor/yiisoft/yii2/db/Connection.php(982): yii\db\Connection->getMasterPdo()
#2 /var/www/html/EMS/vendor/yiisoft/yii2/db/Command.php(253): yii\db\Connection->getSlavePdo()
#3 /var/www/html/EMS/vendor/yiisoft/yii2/db/Command.php(1140): yii\db\Command->prepare(true)
#4 /var/www/html/EMS/vendor/yiisoft/yii2/db/Command.php(439): yii\db\Command->queryInternal('fetchAll', 7)
#5 /var/www/html/EMS/vendor/yiisoft/yii2/db/mysql/Schema.php(111): yii\db\Command->queryColumn()
#6 /var/www/html/EMS/vendor/yiisoft/yii2/db/Schema.php(237): yii\db\mysql\Schema->findTableNames('')
#7 /var/www/html/EMS/vendor/yiisoft/yii2-gii/generators/model/Generator.php(161): yii\db\Schema->getTableNames()
#8 [internal function]: yii\gii\generators\model\Generator->yii\gii\generators\model\{closure}()
#9 /var/www/html/EMS/vendor/yiisoft/yii2-gii/components/ActiveField.php(41): call_user_func(Object(Closure))
#10 /var/www/html/EMS/vendor/yiisoft/yii2/base/BaseObject.php(109): yii\gii\components\ActiveField->init()
#11 [internal function]: yii\base\BaseObject->__construct(Array)
#12 /var/www/html/EMS/vendor/yiisoft/yii2/di/Container.php(383): ReflectionClass->newInstanceArgs(Array)
#13 /var/www/html/EMS/vendor/yiisoft/yii2/di/Container.php(156): yii\di\Container->build('yii\\gii\\compone...', Array, Array)
#14 /var/www/html/EMS/vendor/yiisoft/yii2/BaseYii.php(349): yii\di\Container->get('yii\\gii\\compone...', Array, Array)
#15 /var/www/html/EMS/vendor/yiisoft/yii2/widgets/ActiveForm.php(333): yii\BaseYii::createObject(Array)
#16 /var/www/html/EMS/vendor/yiisoft/yii2-gii/generators/model/form.php(9): yii\widgets\ActiveForm->field(Object(yii\gii\generators\model\Generator), 'tableName')
#17 /var/www/html/EMS/vendor/yiisoft/yii2/base/View.php(336): require('/var/www/html/E...')
#18 /var/www/html/EMS/vendor/yiisoft/yii2/base/View.php(254): yii\base\View->renderPhpFile('/var/www/html/E...', '[<span class="s...')
#19 /var/www/html/EMS/vendor/yiisoft/yii2-gii/views/default/view.php(37): yii\base\View->renderFile('/var/www/html/E...', Array)
#20 /var/www/html/EMS/vendor/yiisoft/yii2/base/View.php(336): require('/var/www/html/E...')
#21 /var/www/html/EMS/vendor/yiisoft/yii2/base/View.php(254): yii\base\View->renderPhpFile('/var/www/html/E...', '[<span class="s...')
#22 /var/www/html/EMS/vendor/yiisoft/yii2/base/View.php(156): yii\base\View->renderFile('/var/www/html/E...', Array, Object(yii\gii\controllers\DefaultController))
#23 /var/www/html/EMS/vendor/yiisoft/yii2/base/Controller.php(384): yii\base\View->render('view', Array, Object(yii\gii\controllers\DefaultController))
#24 /var/www/html/EMS/vendor/yiisoft/yii2-gii/controllers/DefaultController.php(72): yii\base\Controller->render('view', Array)
#25 [internal function]: yii\gii\controllers\DefaultController->actionView('model')
#26 /var/www/html/EMS/vendor/yiisoft/yii2/base/InlineAction.php(57): call_user_func_array(Array, Array)
#27 /var/www/html/EMS/vendor/yiisoft/yii2/base/Controller.php(157): yii\base\InlineAction->runWithParams(Array)
#28 /var/www/html/EMS/vendor/yiisoft/yii2/base/Module.php(528): yii\base\Controller->runAction('view', Array)
#29 /var/www/html/EMS/vendor/yiisoft/yii2/web/Application.php(103): yii\base\Module->runAction('gii/default/vie...', Array)
#30 /var/www/html/EMS/vendor/yiisoft/yii2/base/Application.php(386): yii\web\Application->handleRequest(Object(yii\web\Request))
#31 /var/www/html/EMS/index.php(17): yii\base\Application->run()
#32 {main}
Additional Information:

2018-03-24 07:09:50 [::1][-][c446ejgdb0vl9ad1f99ssq6e60][info][application] $_GET = [
    'id' => 'model'
]

$_POST = []

$_FILES = []

$_COOKIE = [
    'advanced-frontend' => 'c446ejgdb0vl9ad1f99ssq6e60'
    '_csrf-frontend' => '6eee9d3b69cf3d46db2e6685e9312ad652520e5e3a7cbe30290860dbc3ae6197a:2:{i:0;s:14:\"_csrf-frontend\";i:1;s:32:\"BWKaf99V3w4SsbkrCzYjizFO6yFbfXLA\";}'
]

$_SESSION = [
    '__flash' => []
]

$_SERVER = [
    'REDIRECT_STATUS' => '200'
    'HTTP_HOST' => 'localhost'
    'HTTP_CONNECTION' => 'keep-alive'
    'HTTP_UPGRADE_INSECURE_REQUESTS' => '1'
    'HTTP_USER_AGENT' => 'Mozilla/5.0 (X11; Linux x86_64) AppleWebKit/537.36 (KHTML, like Gecko) Ubuntu Chromium/64.0.3282.167 Chrome/64.0.3282.167 Safari/537.36'
    'HTTP_ACCEPT' => 'text/html,application/xhtml+xml,application/xml;q=0.9,image/webp,image/apng,*/*;q=0.8'
    'HTTP_REFERER' => 'http://localhost/EMS/gii'
    'HTTP_ACCEPT_ENCODING' => 'gzip, deflate, br'
    'HTTP_ACCEPT_LANGUAGE' => 'en-GB,en-US;q=0.9,en;q=0.8'
    'HTTP_COOKIE' => 'advanced-frontend=c446ejgdb0vl9ad1f99ssq6e60; _csrf-frontend=6eee9d3b69cf3d46db2e6685e9312ad652520e5e3a7cbe30290860dbc3ae6197a%3A2%3A%7Bi%3A0%3Bs%3A14%3A%22_csrf-frontend%22%3Bi%3A1%3Bs%3A32%3A%22BWKaf99V3w4SsbkrCzYjizFO6yFbfXLA%22%3B%7D'
    'PATH' => '/usr/local/sbin:/usr/local/bin:/usr/sbin:/usr/bin:/sbin:/bin'
    'SERVER_SIGNATURE' => '<address>Apache/2.4.18 (Ubuntu) Server at localhost Port 80</address>
'
    'SERVER_SOFTWARE' => 'Apache/2.4.18 (Ubuntu)'
    'SERVER_NAME' => 'localhost'
    'SERVER_ADDR' => '::1'
    'SERVER_PORT' => '80'
    'REMOTE_ADDR' => '::1'
    'DOCUMENT_ROOT' => '/var/www/html'
    'REQUEST_SCHEME' => 'http'
    'CONTEXT_PREFIX' => ''
    'CONTEXT_DOCUMENT_ROOT' => '/var/www/html'
    'SERVER_ADMIN' => 'webmaster@localhost'
    'SCRIPT_FILENAME' => '/var/www/html/EMS/index.php'
    'REMOTE_PORT' => '57914'
    'REDIRECT_URL' => '/EMS/gii/model'
    'GATEWAY_INTERFACE' => 'CGI/1.1'
    'SERVER_PROTOCOL' => 'HTTP/1.1'
    'REQUEST_METHOD' => 'GET'
    'QUERY_STRING' => ''
    'REQUEST_URI' => '/EMS/gii/model'
    'SCRIPT_NAME' => '/EMS/index.php'
    'PHP_SELF' => '/EMS/index.php'
    'REQUEST_TIME_FLOAT' => 1521875390.79
    'REQUEST_TIME' => 1521875390
]
2018-03-24 07:13:45 [::1][-][c446ejgdb0vl9ad1f99ssq6e60][error][yii\db\Exception] PDOException: SQLSTATE[HY000] [1049] Unknown database 'ems' in /var/www/html/EMS/vendor/yiisoft/yii2/db/Connection.php:686
Stack trace:
#0 /var/www/html/EMS/vendor/yiisoft/yii2/db/Connection.php(686): PDO->__construct('mysql:host=loca...', 'root', '12345', NULL)
#1 /var/www/html/EMS/vendor/yiisoft/yii2/db/Connection.php(612): yii\db\Connection->createPdoInstance()
#2 /var/www/html/EMS/vendor/yiisoft/yii2/db/Connection.php(995): yii\db\Connection->open()
#3 /var/www/html/EMS/vendor/yiisoft/yii2/db/Connection.php(982): yii\db\Connection->getMasterPdo()
#4 /var/www/html/EMS/vendor/yiisoft/yii2/db/Command.php(253): yii\db\Connection->getSlavePdo()
#5 /var/www/html/EMS/vendor/yiisoft/yii2/db/Command.php(1140): yii\db\Command->prepare(true)
#6 /var/www/html/EMS/vendor/yiisoft/yii2/db/Command.php(439): yii\db\Command->queryInternal('fetchAll', 7)
#7 /var/www/html/EMS/vendor/yiisoft/yii2/db/mysql/Schema.php(111): yii\db\Command->queryColumn()
#8 /var/www/html/EMS/vendor/yiisoft/yii2/db/Schema.php(237): yii\db\mysql\Schema->findTableNames('')
#9 /var/www/html/EMS/vendor/yiisoft/yii2-gii/generators/model/Generator.php(161): yii\db\Schema->getTableNames()
#10 [internal function]: yii\gii\generators\model\Generator->yii\gii\generators\model\{closure}()
#11 /var/www/html/EMS/vendor/yiisoft/yii2-gii/components/ActiveField.php(41): call_user_func(Object(Closure))
#12 /var/www/html/EMS/vendor/yiisoft/yii2/base/BaseObject.php(109): yii\gii\components\ActiveField->init()
#13 [internal function]: yii\base\BaseObject->__construct(Array)
#14 /var/www/html/EMS/vendor/yiisoft/yii2/di/Container.php(383): ReflectionClass->newInstanceArgs(Array)
#15 /var/www/html/EMS/vendor/yiisoft/yii2/di/Container.php(156): yii\di\Container->build('yii\\gii\\compone...', Array, Array)
#16 /var/www/html/EMS/vendor/yiisoft/yii2/BaseYii.php(349): yii\di\Container->get('yii\\gii\\compone...', Array, Array)
#17 /var/www/html/EMS/vendor/yiisoft/yii2/widgets/ActiveForm.php(333): yii\BaseYii::createObject(Array)
#18 /var/www/html/EMS/vendor/yiisoft/yii2-gii/generators/model/form.php(9): yii\widgets\ActiveForm->field(Object(yii\gii\generators\model\Generator), 'tableName')
#19 /var/www/html/EMS/vendor/yiisoft/yii2/base/View.php(336): require('/var/www/html/E...')
#20 /var/www/html/EMS/vendor/yiisoft/yii2/base/View.php(254): yii\base\View->renderPhpFile('/var/www/html/E...', '[<span class="s...')
#21 /var/www/html/EMS/vendor/yiisoft/yii2-gii/views/default/view.php(37): yii\base\View->renderFile('/var/www/html/E...', Array)
#22 /var/www/html/EMS/vendor/yiisoft/yii2/base/View.php(336): require('/var/www/html/E...')
#23 /var/www/html/EMS/vendor/yiisoft/yii2/base/View.php(254): yii\base\View->renderPhpFile('/var/www/html/E...', '[<span class="s...')
#24 /var/www/html/EMS/vendor/yiisoft/yii2/base/View.php(156): yii\base\View->renderFile('/var/www/html/E...', Array, Object(yii\gii\controllers\DefaultController))
#25 /var/www/html/EMS/vendor/yiisoft/yii2/base/Controller.php(384): yii\base\View->render('view', Array, Object(yii\gii\controllers\DefaultController))
#26 /var/www/html/EMS/vendor/yiisoft/yii2-gii/controllers/DefaultController.php(72): yii\base\Controller->render('view', Array)
#27 [internal function]: yii\gii\controllers\DefaultController->actionView('model')
#28 /var/www/html/EMS/vendor/yiisoft/yii2/base/InlineAction.php(57): call_user_func_array(Array, Array)
#29 /var/www/html/EMS/vendor/yiisoft/yii2/base/Controller.php(157): yii\base\InlineAction->runWithParams(Array)
#30 /var/www/html/EMS/vendor/yiisoft/yii2/base/Module.php(528): yii\base\Controller->runAction('view', Array)
#31 /var/www/html/EMS/vendor/yiisoft/yii2/web/Application.php(103): yii\base\Module->runAction('gii/default/vie...', Array)
#32 /var/www/html/EMS/vendor/yiisoft/yii2/base/Application.php(386): yii\web\Application->handleRequest(Object(yii\web\Request))
#33 /var/www/html/EMS/index.php(17): yii\base\Application->run()
#34 {main}

Next yii\db\Exception: SQLSTATE[HY000] [1049] Unknown database 'ems' in /var/www/html/EMS/vendor/yiisoft/yii2/db/Connection.php:623
Stack trace:
#0 /var/www/html/EMS/vendor/yiisoft/yii2/db/Connection.php(995): yii\db\Connection->open()
#1 /var/www/html/EMS/vendor/yiisoft/yii2/db/Connection.php(982): yii\db\Connection->getMasterPdo()
#2 /var/www/html/EMS/vendor/yiisoft/yii2/db/Command.php(253): yii\db\Connection->getSlavePdo()
#3 /var/www/html/EMS/vendor/yiisoft/yii2/db/Command.php(1140): yii\db\Command->prepare(true)
#4 /var/www/html/EMS/vendor/yiisoft/yii2/db/Command.php(439): yii\db\Command->queryInternal('fetchAll', 7)
#5 /var/www/html/EMS/vendor/yiisoft/yii2/db/mysql/Schema.php(111): yii\db\Command->queryColumn()
#6 /var/www/html/EMS/vendor/yiisoft/yii2/db/Schema.php(237): yii\db\mysql\Schema->findTableNames('')
#7 /var/www/html/EMS/vendor/yiisoft/yii2-gii/generators/model/Generator.php(161): yii\db\Schema->getTableNames()
#8 [internal function]: yii\gii\generators\model\Generator->yii\gii\generators\model\{closure}()
#9 /var/www/html/EMS/vendor/yiisoft/yii2-gii/components/ActiveField.php(41): call_user_func(Object(Closure))
#10 /var/www/html/EMS/vendor/yiisoft/yii2/base/BaseObject.php(109): yii\gii\components\ActiveField->init()
#11 [internal function]: yii\base\BaseObject->__construct(Array)
#12 /var/www/html/EMS/vendor/yiisoft/yii2/di/Container.php(383): ReflectionClass->newInstanceArgs(Array)
#13 /var/www/html/EMS/vendor/yiisoft/yii2/di/Container.php(156): yii\di\Container->build('yii\\gii\\compone...', Array, Array)
#14 /var/www/html/EMS/vendor/yiisoft/yii2/BaseYii.php(349): yii\di\Container->get('yii\\gii\\compone...', Array, Array)
#15 /var/www/html/EMS/vendor/yiisoft/yii2/widgets/ActiveForm.php(333): yii\BaseYii::createObject(Array)
#16 /var/www/html/EMS/vendor/yiisoft/yii2-gii/generators/model/form.php(9): yii\widgets\ActiveForm->field(Object(yii\gii\generators\model\Generator), 'tableName')
#17 /var/www/html/EMS/vendor/yiisoft/yii2/base/View.php(336): require('/var/www/html/E...')
#18 /var/www/html/EMS/vendor/yiisoft/yii2/base/View.php(254): yii\base\View->renderPhpFile('/var/www/html/E...', '[<span class="s...')
#19 /var/www/html/EMS/vendor/yiisoft/yii2-gii/views/default/view.php(37): yii\base\View->renderFile('/var/www/html/E...', Array)
#20 /var/www/html/EMS/vendor/yiisoft/yii2/base/View.php(336): require('/var/www/html/E...')
#21 /var/www/html/EMS/vendor/yiisoft/yii2/base/View.php(254): yii\base\View->renderPhpFile('/var/www/html/E...', '[<span class="s...')
#22 /var/www/html/EMS/vendor/yiisoft/yii2/base/View.php(156): yii\base\View->renderFile('/var/www/html/E...', Array, Object(yii\gii\controllers\DefaultController))
#23 /var/www/html/EMS/vendor/yiisoft/yii2/base/Controller.php(384): yii\base\View->render('view', Array, Object(yii\gii\controllers\DefaultController))
#24 /var/www/html/EMS/vendor/yiisoft/yii2-gii/controllers/DefaultController.php(72): yii\base\Controller->render('view', Array)
#25 [internal function]: yii\gii\controllers\DefaultController->actionView('model')
#26 /var/www/html/EMS/vendor/yiisoft/yii2/base/InlineAction.php(57): call_user_func_array(Array, Array)
#27 /var/www/html/EMS/vendor/yiisoft/yii2/base/Controller.php(157): yii\base\InlineAction->runWithParams(Array)
#28 /var/www/html/EMS/vendor/yiisoft/yii2/base/Module.php(528): yii\base\Controller->runAction('view', Array)
#29 /var/www/html/EMS/vendor/yiisoft/yii2/web/Application.php(103): yii\base\Module->runAction('gii/default/vie...', Array)
#30 /var/www/html/EMS/vendor/yiisoft/yii2/base/Application.php(386): yii\web\Application->handleRequest(Object(yii\web\Request))
#31 /var/www/html/EMS/index.php(17): yii\base\Application->run()
#32 {main}
Additional Information:

2018-03-24 07:13:45 [::1][-][c446ejgdb0vl9ad1f99ssq6e60][info][application] $_GET = [
    'id' => 'model'
]

$_POST = []

$_FILES = []

$_COOKIE = [
    'advanced-frontend' => 'c446ejgdb0vl9ad1f99ssq6e60'
    '_csrf-frontend' => '6eee9d3b69cf3d46db2e6685e9312ad652520e5e3a7cbe30290860dbc3ae6197a:2:{i:0;s:14:\"_csrf-frontend\";i:1;s:32:\"BWKaf99V3w4SsbkrCzYjizFO6yFbfXLA\";}'
]

$_SESSION = [
    '__flash' => []
]

$_SERVER = [
    'REDIRECT_STATUS' => '200'
    'HTTP_HOST' => 'localhost'
    'HTTP_CONNECTION' => 'keep-alive'
    'HTTP_UPGRADE_INSECURE_REQUESTS' => '1'
    'HTTP_USER_AGENT' => 'Mozilla/5.0 (X11; Linux x86_64) AppleWebKit/537.36 (KHTML, like Gecko) Ubuntu Chromium/64.0.3282.167 Chrome/64.0.3282.167 Safari/537.36'
    'HTTP_ACCEPT' => 'text/html,application/xhtml+xml,application/xml;q=0.9,image/webp,image/apng,*/*;q=0.8'
    'HTTP_REFERER' => 'http://localhost/EMS/gii'
    'HTTP_ACCEPT_ENCODING' => 'gzip, deflate, br'
    'HTTP_ACCEPT_LANGUAGE' => 'en-GB,en-US;q=0.9,en;q=0.8'
    'HTTP_COOKIE' => 'advanced-frontend=c446ejgdb0vl9ad1f99ssq6e60; _csrf-frontend=6eee9d3b69cf3d46db2e6685e9312ad652520e5e3a7cbe30290860dbc3ae6197a%3A2%3A%7Bi%3A0%3Bs%3A14%3A%22_csrf-frontend%22%3Bi%3A1%3Bs%3A32%3A%22BWKaf99V3w4SsbkrCzYjizFO6yFbfXLA%22%3B%7D'
    'PATH' => '/usr/local/sbin:/usr/local/bin:/usr/sbin:/usr/bin:/sbin:/bin'
    'SERVER_SIGNATURE' => '<address>Apache/2.4.18 (Ubuntu) Server at localhost Port 80</address>
'
    'SERVER_SOFTWARE' => 'Apache/2.4.18 (Ubuntu)'
    'SERVER_NAME' => 'localhost'
    'SERVER_ADDR' => '::1'
    'SERVER_PORT' => '80'
    'REMOTE_ADDR' => '::1'
    'DOCUMENT_ROOT' => '/var/www/html'
    'REQUEST_SCHEME' => 'http'
    'CONTEXT_PREFIX' => ''
    'CONTEXT_DOCUMENT_ROOT' => '/var/www/html'
    'SERVER_ADMIN' => 'webmaster@localhost'
    'SCRIPT_FILENAME' => '/var/www/html/EMS/index.php'
    'REMOTE_PORT' => '57946'
    'REDIRECT_URL' => '/EMS/gii/model'
    'GATEWAY_INTERFACE' => 'CGI/1.1'
    'SERVER_PROTOCOL' => 'HTTP/1.1'
    'REQUEST_METHOD' => 'GET'
    'QUERY_STRING' => ''
    'REQUEST_URI' => '/EMS/gii/model'
    'SCRIPT_NAME' => '/EMS/index.php'
    'PHP_SELF' => '/EMS/index.php'
    'REQUEST_TIME_FLOAT' => 1521875625.559
    'REQUEST_TIME' => 1521875625
]
